ERROR - 2025-01-30 06:51:27 --> Error connecting to the database: mysqli_sql_exception: Unknown database 'finalproject' in C:\laragon\www\vapesystem\system\Database\MySQLi\Connection.php:187
Stack trace:
#0 C:\laragon\www\vapesystem\system\Database\MySQLi\Connection.php(187): mysqli->real_connect('localhost', 'root', '', 'finalproject', 3306, '', 0)
#1 C:\laragon\www\vapesystem\system\Database\BaseConnection.php(421): CodeIgniter\Database\MySQLi\Connection->connect(false)
#2 C:\laragon\www\vapesystem\system\Database\BaseConnection.php(616): CodeIgniter\Database\BaseConnection->initialize()
#3 C:\laragon\www\vapesystem\system\Database\BaseBuilder.php(1644): CodeIgniter\Database\BaseConnection->query('SELECT *\nFROM `...', Array, false)
#4 C:\laragon\www\vapesystem\system\Model.php(330): CodeIgniter\Database\BaseBuilder->get()
#5 C:\laragon\www\vapesystem\system\BaseModel.php(714): CodeIgniter\Model->doFirst()
#6 C:\laragon\www\vapesystem\app\Models\UserModel.php(24): CodeIgniter\BaseModel->first()
#7 C:\laragon\www\vapesystem\app\Controllers\Auth.php(76): App\Models\UserModel->check_user_exists('john')
#8 C:\laragon\www\vapesystem\system\CodeIgniter.php(933): App\Controllers\Auth->registerProcess()
#9 C:\laragon\www\vapesystem\system\CodeIgniter.php(509): CodeIgniter\CodeIgniter->runController(Object(App\Controllers\Auth))
#10 C:\laragon\www\vapesystem\system\CodeIgniter.php(355): CodeIgniter\CodeIgniter->handleRequest(NULL, Object(Config\Cache), false)
#11 C:\laragon\www\vapesystem\system\Boot.php(325): CodeIgniter\CodeIgniter->run()
#12 C:\laragon\www\vapesystem\system\Boot.php(67): CodeIgniter\Boot::runCodeIgniter(Object(CodeIgniter\CodeIgniter))
#13 C:\laragon\www\vapesystem\public\index.php(56): CodeIgniter\Boot::bootWeb(Object(Config\Paths))
#14 C:\laragon\www\vapesystem\system\rewrite.php(44): require_once('C:\\laragon\\www\\...')
#15 {main}

Next CodeIgniter\Database\Exceptions\DatabaseException: Unknown database 'finalproject' in C:\laragon\www\vapesystem\system\Database\MySQLi\Connection.php:231
Stack trace:
#0 C:\laragon\www\vapesystem\system\Database\BaseConnection.php(421): CodeIgniter\Database\MySQLi\Connection->connect(false)
#1 C:\laragon\www\vapesystem\system\Database\BaseConnection.php(616): CodeIgniter\Database\BaseConnection->initialize()
#2 C:\laragon\www\vapesystem\system\Database\BaseBuilder.php(1644): CodeIgniter\Database\BaseConnection->query('SELECT *\nFROM `...', Array, false)
#3 C:\laragon\www\vapesystem\system\Model.php(330): CodeIgniter\Database\BaseBuilder->get()
#4 C:\laragon\www\vapesystem\system\BaseModel.php(714): CodeIgniter\Model->doFirst()
#5 C:\laragon\www\vapesystem\app\Models\UserModel.php(24): CodeIgniter\BaseModel->first()
#6 C:\laragon\www\vapesystem\app\Controllers\Auth.php(76): App\Models\UserModel->check_user_exists('john')
#7 C:\laragon\www\vapesystem\system\CodeIgniter.php(933): App\Controllers\Auth->registerProcess()
#8 C:\laragon\www\vapesystem\system\CodeIgniter.php(509): CodeIgniter\CodeIgniter->runController(Object(App\Controllers\Auth))
#9 C:\laragon\www\vapesystem\system\CodeIgniter.php(355): CodeIgniter\CodeIgniter->handleRequest(NULL, Object(Config\Cache), false)
#10 C:\laragon\www\vapesystem\system\Boot.php(325): CodeIgniter\CodeIgniter->run()
#11 C:\laragon\www\vapesystem\system\Boot.php(67): CodeIgniter\Boot::runCodeIgniter(Object(CodeIgniter\CodeIgniter))
#12 C:\laragon\www\vapesystem\public\index.php(56): CodeIgniter\Boot::bootWeb(Object(Config\Paths))
#13 C:\laragon\www\vapesystem\system\rewrite.php(44): require_once('C:\\laragon\\www\\...')
#14 {main}
CRITICAL - 2025-01-30 06:51:27 --> CodeIgniter\Database\Exceptions\DatabaseException: Unable to connect to the database.
Main connection [MySQLi]: Unknown database 'finalproject'
[Method: POST, Route: auth/registerProcess]
in SYSTEMPATH\Database\BaseConnection.php on line 467.
 1 SYSTEMPATH\Database\BaseConnection.php(616): CodeIgniter\Database\BaseConnection->initialize()
 2 SYSTEMPATH\Database\BaseBuilder.php(1644): CodeIgniter\Database\BaseConnection->query('SELECT *
FROM `users`
WHERE `username` = :username:
 LIMIT 1', [...], false)
 3 SYSTEMPATH\Model.php(330): CodeIgniter\Database\BaseBuilder->get()
 4 SYSTEMPATH\BaseModel.php(714): CodeIgniter\Model->doFirst()
 5 APPPATH\Models\UserModel.php(24): CodeIgniter\BaseModel->first()
 6 APPPATH\Controllers\Auth.php(76): App\Models\UserModel->check_user_exists('john')
 7 SYSTEMPATH\CodeIgniter.php(933): App\Controllers\Auth->registerProcess()
 8 SYSTEMPATH\CodeIgniter.php(509): CodeIgniter\CodeIgniter->runController(Object(App\Controllers\Auth))
 9 SYSTEMPATH\CodeIgniter.php(355): CodeIgniter\CodeIgniter->handleRequest(null, Object(Config\Cache), false)
10 SYSTEMPATH\Boot.php(325): CodeIgniter\CodeIgniter->run()
11 SYSTEMPATH\Boot.php(67): CodeIgniter\Boot::runCodeIgniter(Object(CodeIgniter\CodeIgniter))
12 FCPATH\index.php(56): CodeIgniter\Boot::bootWeb(Object(Config\Paths))
13 SYSTEMPATH\rewrite.php(44): require_once('C:\\laragon\\www\\vapesystem\\public\\index.php')
ERROR - 2025-01-30 06:52:43 --> Error connecting to the database: mysqli_sql_exception: Unknown database 'vape_management_system' in C:\laragon\www\vapesystem\system\Database\MySQLi\Connection.php:187
Stack trace:
#0 C:\laragon\www\vapesystem\system\Database\MySQLi\Connection.php(187): mysqli->real_connect('localhost', 'root', '', 'vape_management...', 3306, '', 0)
#1 C:\laragon\www\vapesystem\system\Database\BaseConnection.php(421): CodeIgniter\Database\MySQLi\Connection->connect(false)
#2 C:\laragon\www\vapesystem\system\Database\BaseConnection.php(616): CodeIgniter\Database\BaseConnection->initialize()
#3 C:\laragon\www\vapesystem\system\Database\BaseBuilder.php(1644): CodeIgniter\Database\BaseConnection->query('SELECT *\nFROM `...', Array, false)
#4 C:\laragon\www\vapesystem\system\Model.php(330): CodeIgniter\Database\BaseBuilder->get()
#5 C:\laragon\www\vapesystem\system\BaseModel.php(714): CodeIgniter\Model->doFirst()
#6 C:\laragon\www\vapesystem\app\Models\UserModel.php(24): CodeIgniter\BaseModel->first()
#7 C:\laragon\www\vapesystem\app\Controllers\Auth.php(76): App\Models\UserModel->check_user_exists('john')
#8 C:\laragon\www\vapesystem\system\CodeIgniter.php(933): App\Controllers\Auth->registerProcess()
#9 C:\laragon\www\vapesystem\system\CodeIgniter.php(509): CodeIgniter\CodeIgniter->runController(Object(App\Controllers\Auth))
#10 C:\laragon\www\vapesystem\system\CodeIgniter.php(355): CodeIgniter\CodeIgniter->handleRequest(NULL, Object(Config\Cache), false)
#11 C:\laragon\www\vapesystem\system\Boot.php(325): CodeIgniter\CodeIgniter->run()
#12 C:\laragon\www\vapesystem\system\Boot.php(67): CodeIgniter\Boot::runCodeIgniter(Object(CodeIgniter\CodeIgniter))
#13 C:\laragon\www\vapesystem\public\index.php(56): CodeIgniter\Boot::bootWeb(Object(Config\Paths))
#14 C:\laragon\www\vapesystem\system\rewrite.php(44): require_once('C:\\laragon\\www\\...')
#15 {main}

Next CodeIgniter\Database\Exceptions\DatabaseException: Unknown database 'vape_management_system' in C:\laragon\www\vapesystem\system\Database\MySQLi\Connection.php:231
Stack trace:
#0 C:\laragon\www\vapesystem\system\Database\BaseConnection.php(421): CodeIgniter\Database\MySQLi\Connection->connect(false)
#1 C:\laragon\www\vapesystem\system\Database\BaseConnection.php(616): CodeIgniter\Database\BaseConnection->initialize()
#2 C:\laragon\www\vapesystem\system\Database\BaseBuilder.php(1644): CodeIgniter\Database\BaseConnection->query('SELECT *\nFROM `...', Array, false)
#3 C:\laragon\www\vapesystem\system\Model.php(330): CodeIgniter\Database\BaseBuilder->get()
#4 C:\laragon\www\vapesystem\system\BaseModel.php(714): CodeIgniter\Model->doFirst()
#5 C:\laragon\www\vapesystem\app\Models\UserModel.php(24): CodeIgniter\BaseModel->first()
#6 C:\laragon\www\vapesystem\app\Controllers\Auth.php(76): App\Models\UserModel->check_user_exists('john')
#7 C:\laragon\www\vapesystem\system\CodeIgniter.php(933): App\Controllers\Auth->registerProcess()
#8 C:\laragon\www\vapesystem\system\CodeIgniter.php(509): CodeIgniter\CodeIgniter->runController(Object(App\Controllers\Auth))
#9 C:\laragon\www\vapesystem\system\CodeIgniter.php(355): CodeIgniter\CodeIgniter->handleRequest(NULL, Object(Config\Cache), false)
#10 C:\laragon\www\vapesystem\system\Boot.php(325): CodeIgniter\CodeIgniter->run()
#11 C:\laragon\www\vapesystem\system\Boot.php(67): CodeIgniter\Boot::runCodeIgniter(Object(CodeIgniter\CodeIgniter))
#12 C:\laragon\www\vapesystem\public\index.php(56): CodeIgniter\Boot::bootWeb(Object(Config\Paths))
#13 C:\laragon\www\vapesystem\system\rewrite.php(44): require_once('C:\\laragon\\www\\...')
#14 {main}
CRITICAL - 2025-01-30 06:52:43 --> CodeIgniter\Database\Exceptions\DatabaseException: Unable to connect to the database.
Main connection [MySQLi]: Unknown database 'vape_management_system'
[Method: POST, Route: auth/registerProcess]
in SYSTEMPATH\Database\BaseConnection.php on line 467.
 1 SYSTEMPATH\Database\BaseConnection.php(616): CodeIgniter\Database\BaseConnection->initialize()
 2 SYSTEMPATH\Database\BaseBuilder.php(1644): CodeIgniter\Database\BaseConnection->query('SELECT *
FROM `users`
WHERE `username` = :username:
 LIMIT 1', [...], false)
 3 SYSTEMPATH\Model.php(330): CodeIgniter\Database\BaseBuilder->get()
 4 SYSTEMPATH\BaseModel.php(714): CodeIgniter\Model->doFirst()
 5 APPPATH\Models\UserModel.php(24): CodeIgniter\BaseModel->first()
 6 APPPATH\Controllers\Auth.php(76): App\Models\UserModel->check_user_exists('john')
 7 SYSTEMPATH\CodeIgniter.php(933): App\Controllers\Auth->registerProcess()
 8 SYSTEMPATH\CodeIgniter.php(509): CodeIgniter\CodeIgniter->runController(Object(App\Controllers\Auth))
 9 SYSTEMPATH\CodeIgniter.php(355): CodeIgniter\CodeIgniter->handleRequest(null, Object(Config\Cache), false)
10 SYSTEMPATH\Boot.php(325): CodeIgniter\CodeIgniter->run()
11 SYSTEMPATH\Boot.php(67): CodeIgniter\Boot::runCodeIgniter(Object(CodeIgniter\CodeIgniter))
12 FCPATH\index.php(56): CodeIgniter\Boot::bootWeb(Object(Config\Paths))
13 SYSTEMPATH\rewrite.php(44): require_once('C:\\laragon\\www\\vapesystem\\public\\index.php')
ERROR - 2025-01-30 06:53:26 --> Error connecting to the database: mysqli_sql_exception: Unknown database 'vape_management_system' in C:\laragon\www\vapesystem\system\Database\MySQLi\Connection.php:187
Stack trace:
#0 C:\laragon\www\vapesystem\system\Database\MySQLi\Connection.php(187): mysqli->real_connect('localhost', 'root', '', 'vape_management...', 3306, '', 0)
#1 C:\laragon\www\vapesystem\system\Database\BaseConnection.php(421): CodeIgniter\Database\MySQLi\Connection->connect(false)
#2 C:\laragon\www\vapesystem\system\Database\BaseConnection.php(616): CodeIgniter\Database\BaseConnection->initialize()
#3 C:\laragon\www\vapesystem\system\Database\BaseBuilder.php(1644): CodeIgniter\Database\BaseConnection->query('SELECT *\nFROM `...', Array, false)
#4 C:\laragon\www\vapesystem\system\Model.php(330): CodeIgniter\Database\BaseBuilder->get()
#5 C:\laragon\www\vapesystem\system\BaseModel.php(714): CodeIgniter\Model->doFirst()
#6 C:\laragon\www\vapesystem\app\Models\UserModel.php(24): CodeIgniter\BaseModel->first()
#7 C:\laragon\www\vapesystem\app\Controllers\Auth.php(76): App\Models\UserModel->check_user_exists('john')
#8 C:\laragon\www\vapesystem\system\CodeIgniter.php(933): App\Controllers\Auth->registerProcess()
#9 C:\laragon\www\vapesystem\system\CodeIgniter.php(509): CodeIgniter\CodeIgniter->runController(Object(App\Controllers\Auth))
#10 C:\laragon\www\vapesystem\system\CodeIgniter.php(355): CodeIgniter\CodeIgniter->handleRequest(NULL, Object(Config\Cache), false)
#11 C:\laragon\www\vapesystem\system\Boot.php(325): CodeIgniter\CodeIgniter->run()
#12 C:\laragon\www\vapesystem\system\Boot.php(67): CodeIgniter\Boot::runCodeIgniter(Object(CodeIgniter\CodeIgniter))
#13 C:\laragon\www\vapesystem\public\index.php(56): CodeIgniter\Boot::bootWeb(Object(Config\Paths))
#14 C:\laragon\www\vapesystem\system\rewrite.php(44): require_once('C:\\laragon\\www\\...')
#15 {main}

Next CodeIgniter\Database\Exceptions\DatabaseException: Unknown database 'vape_management_system' in C:\laragon\www\vapesystem\system\Database\MySQLi\Connection.php:231
Stack trace:
#0 C:\laragon\www\vapesystem\system\Database\BaseConnection.php(421): CodeIgniter\Database\MySQLi\Connection->connect(false)
#1 C:\laragon\www\vapesystem\system\Database\BaseConnection.php(616): CodeIgniter\Database\BaseConnection->initialize()
#2 C:\laragon\www\vapesystem\system\Database\BaseBuilder.php(1644): CodeIgniter\Database\BaseConnection->query('SELECT *\nFROM `...', Array, false)
#3 C:\laragon\www\vapesystem\system\Model.php(330): CodeIgniter\Database\BaseBuilder->get()
#4 C:\laragon\www\vapesystem\system\BaseModel.php(714): CodeIgniter\Model->doFirst()
#5 C:\laragon\www\vapesystem\app\Models\UserModel.php(24): CodeIgniter\BaseModel->first()
#6 C:\laragon\www\vapesystem\app\Controllers\Auth.php(76): App\Models\UserModel->check_user_exists('john')
#7 C:\laragon\www\vapesystem\system\CodeIgniter.php(933): App\Controllers\Auth->registerProcess()
#8 C:\laragon\www\vapesystem\system\CodeIgniter.php(509): CodeIgniter\CodeIgniter->runController(Object(App\Controllers\Auth))
#9 C:\laragon\www\vapesystem\system\CodeIgniter.php(355): CodeIgniter\CodeIgniter->handleRequest(NULL, Object(Config\Cache), false)
#10 C:\laragon\www\vapesystem\system\Boot.php(325): CodeIgniter\CodeIgniter->run()
#11 C:\laragon\www\vapesystem\system\Boot.php(67): CodeIgniter\Boot::runCodeIgniter(Object(CodeIgniter\CodeIgniter))
#12 C:\laragon\www\vapesystem\public\index.php(56): CodeIgniter\Boot::bootWeb(Object(Config\Paths))
#13 C:\laragon\www\vapesystem\system\rewrite.php(44): require_once('C:\\laragon\\www\\...')
#14 {main}
CRITICAL - 2025-01-30 06:53:26 --> CodeIgniter\Database\Exceptions\DatabaseException: Unable to connect to the database.
Main connection [MySQLi]: Unknown database 'vape_management_system'
[Method: POST, Route: auth/registerProcess]
in SYSTEMPATH\Database\BaseConnection.php on line 467.
 1 SYSTEMPATH\Database\BaseConnection.php(616): CodeIgniter\Database\BaseConnection->initialize()
 2 SYSTEMPATH\Database\BaseBuilder.php(1644): CodeIgniter\Database\BaseConnection->query('SELECT *
FROM `users`
WHERE `username` = :username:
 LIMIT 1', [...], false)
 3 SYSTEMPATH\Model.php(330): CodeIgniter\Database\BaseBuilder->get()
 4 SYSTEMPATH\BaseModel.php(714): CodeIgniter\Model->doFirst()
 5 APPPATH\Models\UserModel.php(24): CodeIgniter\BaseModel->first()
 6 APPPATH\Controllers\Auth.php(76): App\Models\UserModel->check_user_exists('john')
 7 SYSTEMPATH\CodeIgniter.php(933): App\Controllers\Auth->registerProcess()
 8 SYSTEMPATH\CodeIgniter.php(509): CodeIgniter\CodeIgniter->runController(Object(App\Controllers\Auth))
 9 SYSTEMPATH\CodeIgniter.php(355): CodeIgniter\CodeIgniter->handleRequest(null, Object(Config\Cache), false)
10 SYSTEMPATH\Boot.php(325): CodeIgniter\CodeIgniter->run()
11 SYSTEMPATH\Boot.php(67): CodeIgniter\Boot::runCodeIgniter(Object(CodeIgniter\CodeIgniter))
12 FCPATH\index.php(56): CodeIgniter\Boot::bootWeb(Object(Config\Paths))
13 SYSTEMPATH\rewrite.php(44): require_once('C:\\laragon\\www\\vapesystem\\public\\index.php')
ERROR - 2025-01-30 06:53:42 --> Error connecting to the database: mysqli_sql_exception: Unknown database 'vape_management_system' in C:\laragon\www\vapesystem\system\Database\MySQLi\Connection.php:187
Stack trace:
#0 C:\laragon\www\vapesystem\system\Database\MySQLi\Connection.php(187): mysqli->real_connect('localhost', 'root', '', 'vape_management...', 3306, '', 0)
#1 C:\laragon\www\vapesystem\system\Database\BaseConnection.php(421): CodeIgniter\Database\MySQLi\Connection->connect(false)
#2 C:\laragon\www\vapesystem\system\Database\BaseConnection.php(616): CodeIgniter\Database\BaseConnection->initialize()
#3 C:\laragon\www\vapesystem\system\Database\BaseBuilder.php(1644): CodeIgniter\Database\BaseConnection->query('SELECT *\nFROM `...', Array, false)
#4 C:\laragon\www\vapesystem\system\Model.php(330): CodeIgniter\Database\BaseBuilder->get()
#5 C:\laragon\www\vapesystem\system\BaseModel.php(714): CodeIgniter\Model->doFirst()
#6 C:\laragon\www\vapesystem\app\Models\UserModel.php(24): CodeIgniter\BaseModel->first()
#7 C:\laragon\www\vapesystem\app\Controllers\Auth.php(76): App\Models\UserModel->check_user_exists('john')
#8 C:\laragon\www\vapesystem\system\CodeIgniter.php(933): App\Controllers\Auth->registerProcess()
#9 C:\laragon\www\vapesystem\system\CodeIgniter.php(509): CodeIgniter\CodeIgniter->runController(Object(App\Controllers\Auth))
#10 C:\laragon\www\vapesystem\system\CodeIgniter.php(355): CodeIgniter\CodeIgniter->handleRequest(NULL, Object(Config\Cache), false)
#11 C:\laragon\www\vapesystem\system\Boot.php(325): CodeIgniter\CodeIgniter->run()
#12 C:\laragon\www\vapesystem\system\Boot.php(67): CodeIgniter\Boot::runCodeIgniter(Object(CodeIgniter\CodeIgniter))
#13 C:\laragon\www\vapesystem\public\index.php(56): CodeIgniter\Boot::bootWeb(Object(Config\Paths))
#14 C:\laragon\www\vapesystem\system\rewrite.php(44): require_once('C:\\laragon\\www\\...')
#15 {main}

Next CodeIgniter\Database\Exceptions\DatabaseException: Unknown database 'vape_management_system' in C:\laragon\www\vapesystem\system\Database\MySQLi\Connection.php:231
Stack trace:
#0 C:\laragon\www\vapesystem\system\Database\BaseConnection.php(421): CodeIgniter\Database\MySQLi\Connection->connect(false)
#1 C:\laragon\www\vapesystem\system\Database\BaseConnection.php(616): CodeIgniter\Database\BaseConnection->initialize()
#2 C:\laragon\www\vapesystem\system\Database\BaseBuilder.php(1644): CodeIgniter\Database\BaseConnection->query('SELECT *\nFROM `...', Array, false)
#3 C:\laragon\www\vapesystem\system\Model.php(330): CodeIgniter\Database\BaseBuilder->get()
#4 C:\laragon\www\vapesystem\system\BaseModel.php(714): CodeIgniter\Model->doFirst()
#5 C:\laragon\www\vapesystem\app\Models\UserModel.php(24): CodeIgniter\BaseModel->first()
#6 C:\laragon\www\vapesystem\app\Controllers\Auth.php(76): App\Models\UserModel->check_user_exists('john')
#7 C:\laragon\www\vapesystem\system\CodeIgniter.php(933): App\Controllers\Auth->registerProcess()
#8 C:\laragon\www\vapesystem\system\CodeIgniter.php(509): CodeIgniter\CodeIgniter->runController(Object(App\Controllers\Auth))
#9 C:\laragon\www\vapesystem\system\CodeIgniter.php(355): CodeIgniter\CodeIgniter->handleRequest(NULL, Object(Config\Cache), false)
#10 C:\laragon\www\vapesystem\system\Boot.php(325): CodeIgniter\CodeIgniter->run()
#11 C:\laragon\www\vapesystem\system\Boot.php(67): CodeIgniter\Boot::runCodeIgniter(Object(CodeIgniter\CodeIgniter))
#12 C:\laragon\www\vapesystem\public\index.php(56): CodeIgniter\Boot::bootWeb(Object(Config\Paths))
#13 C:\laragon\www\vapesystem\system\rewrite.php(44): require_once('C:\\laragon\\www\\...')
#14 {main}
CRITICAL - 2025-01-30 06:53:42 --> CodeIgniter\Database\Exceptions\DatabaseException: Unable to connect to the database.
Main connection [MySQLi]: Unknown database 'vape_management_system'
[Method: POST, Route: auth/registerProcess]
in SYSTEMPATH\Database\BaseConnection.php on line 467.
 1 SYSTEMPATH\Database\BaseConnection.php(616): CodeIgniter\Database\BaseConnection->initialize()
 2 SYSTEMPATH\Database\BaseBuilder.php(1644): CodeIgniter\Database\BaseConnection->query('SELECT *
FROM `users`
WHERE `username` = :username:
 LIMIT 1', [...], false)
 3 SYSTEMPATH\Model.php(330): CodeIgniter\Database\BaseBuilder->get()
 4 SYSTEMPATH\BaseModel.php(714): CodeIgniter\Model->doFirst()
 5 APPPATH\Models\UserModel.php(24): CodeIgniter\BaseModel->first()
 6 APPPATH\Controllers\Auth.php(76): App\Models\UserModel->check_user_exists('john')
 7 SYSTEMPATH\CodeIgniter.php(933): App\Controllers\Auth->registerProcess()
 8 SYSTEMPATH\CodeIgniter.php(509): CodeIgniter\CodeIgniter->runController(Object(App\Controllers\Auth))
 9 SYSTEMPATH\CodeIgniter.php(355): CodeIgniter\CodeIgniter->handleRequest(null, Object(Config\Cache), false)
10 SYSTEMPATH\Boot.php(325): CodeIgniter\CodeIgniter->run()
11 SYSTEMPATH\Boot.php(67): CodeIgniter\Boot::runCodeIgniter(Object(CodeIgniter\CodeIgniter))
12 FCPATH\index.php(56): CodeIgniter\Boot::bootWeb(Object(Config\Paths))
13 SYSTEMPATH\rewrite.php(44): require_once('C:\\laragon\\www\\vapesystem\\public\\index.php')
ERROR - 2025-01-30 06:55:32 --> Error connecting to the database: mysqli_sql_exception: Unknown database 'vape_management_system' in C:\laragon\www\vapesystem\system\Database\MySQLi\Connection.php:187
Stack trace:
#0 C:\laragon\www\vapesystem\system\Database\MySQLi\Connection.php(187): mysqli->real_connect('localhost', 'root', '', 'vape_management...', 3306, '', 0)
#1 C:\laragon\www\vapesystem\system\Database\BaseConnection.php(421): CodeIgniter\Database\MySQLi\Connection->connect(false)
#2 C:\laragon\www\vapesystem\system\Database\BaseConnection.php(616): CodeIgniter\Database\BaseConnection->initialize()
#3 C:\laragon\www\vapesystem\system\Database\BaseBuilder.php(1644): CodeIgniter\Database\BaseConnection->query('SELECT *\nFROM `...', Array, false)
#4 C:\laragon\www\vapesystem\system\Model.php(330): CodeIgniter\Database\BaseBuilder->get()
#5 C:\laragon\www\vapesystem\system\BaseModel.php(714): CodeIgniter\Model->doFirst()
#6 C:\laragon\www\vapesystem\app\Models\UserModel.php(24): CodeIgniter\BaseModel->first()
#7 C:\laragon\www\vapesystem\app\Controllers\Auth.php(76): App\Models\UserModel->check_user_exists('john')
#8 C:\laragon\www\vapesystem\system\CodeIgniter.php(933): App\Controllers\Auth->registerProcess()
#9 C:\laragon\www\vapesystem\system\CodeIgniter.php(509): CodeIgniter\CodeIgniter->runController(Object(App\Controllers\Auth))
#10 C:\laragon\www\vapesystem\system\CodeIgniter.php(355): CodeIgniter\CodeIgniter->handleRequest(NULL, Object(Config\Cache), false)
#11 C:\laragon\www\vapesystem\system\Boot.php(325): CodeIgniter\CodeIgniter->run()
#12 C:\laragon\www\vapesystem\system\Boot.php(67): CodeIgniter\Boot::runCodeIgniter(Object(CodeIgniter\CodeIgniter))
#13 C:\laragon\www\vapesystem\public\index.php(56): CodeIgniter\Boot::bootWeb(Object(Config\Paths))
#14 C:\laragon\www\vapesystem\system\rewrite.php(44): require_once('C:\\laragon\\www\\...')
#15 {main}

Next CodeIgniter\Database\Exceptions\DatabaseException: Unknown database 'vape_management_system' in C:\laragon\www\vapesystem\system\Database\MySQLi\Connection.php:231
Stack trace:
#0 C:\laragon\www\vapesystem\system\Database\BaseConnection.php(421): CodeIgniter\Database\MySQLi\Connection->connect(false)
#1 C:\laragon\www\vapesystem\system\Database\BaseConnection.php(616): CodeIgniter\Database\BaseConnection->initialize()
#2 C:\laragon\www\vapesystem\system\Database\BaseBuilder.php(1644): CodeIgniter\Database\BaseConnection->query('SELECT *\nFROM `...', Array, false)
#3 C:\laragon\www\vapesystem\system\Model.php(330): CodeIgniter\Database\BaseBuilder->get()
#4 C:\laragon\www\vapesystem\system\BaseModel.php(714): CodeIgniter\Model->doFirst()
#5 C:\laragon\www\vapesystem\app\Models\UserModel.php(24): CodeIgniter\BaseModel->first()
#6 C:\laragon\www\vapesystem\app\Controllers\Auth.php(76): App\Models\UserModel->check_user_exists('john')
#7 C:\laragon\www\vapesystem\system\CodeIgniter.php(933): App\Controllers\Auth->registerProcess()
#8 C:\laragon\www\vapesystem\system\CodeIgniter.php(509): CodeIgniter\CodeIgniter->runController(Object(App\Controllers\Auth))
#9 C:\laragon\www\vapesystem\system\CodeIgniter.php(355): CodeIgniter\CodeIgniter->handleRequest(NULL, Object(Config\Cache), false)
#10 C:\laragon\www\vapesystem\system\Boot.php(325): CodeIgniter\CodeIgniter->run()
#11 C:\laragon\www\vapesystem\system\Boot.php(67): CodeIgniter\Boot::runCodeIgniter(Object(CodeIgniter\CodeIgniter))
#12 C:\laragon\www\vapesystem\public\index.php(56): CodeIgniter\Boot::bootWeb(Object(Config\Paths))
#13 C:\laragon\www\vapesystem\system\rewrite.php(44): require_once('C:\\laragon\\www\\...')
#14 {main}
CRITICAL - 2025-01-30 06:55:32 --> CodeIgniter\Database\Exceptions\DatabaseException: Unable to connect to the database.
Main connection [MySQLi]: Unknown database 'vape_management_system'
[Method: POST, Route: auth/registerProcess]
in SYSTEMPATH\Database\BaseConnection.php on line 467.
 1 SYSTEMPATH\Database\BaseConnection.php(616): CodeIgniter\Database\BaseConnection->initialize()
 2 SYSTEMPATH\Database\BaseBuilder.php(1644): CodeIgniter\Database\BaseConnection->query('SELECT *
FROM `users`
WHERE `username` = :username:
 LIMIT 1', [...], false)
 3 SYSTEMPATH\Model.php(330): CodeIgniter\Database\BaseBuilder->get()
 4 SYSTEMPATH\BaseModel.php(714): CodeIgniter\Model->doFirst()
 5 APPPATH\Models\UserModel.php(24): CodeIgniter\BaseModel->first()
 6 APPPATH\Controllers\Auth.php(76): App\Models\UserModel->check_user_exists('john')
 7 SYSTEMPATH\CodeIgniter.php(933): App\Controllers\Auth->registerProcess()
 8 SYSTEMPATH\CodeIgniter.php(509): CodeIgniter\CodeIgniter->runController(Object(App\Controllers\Auth))
 9 SYSTEMPATH\CodeIgniter.php(355): CodeIgniter\CodeIgniter->handleRequest(null, Object(Config\Cache), false)
10 SYSTEMPATH\Boot.php(325): CodeIgniter\CodeIgniter->run()
11 SYSTEMPATH\Boot.php(67): CodeIgniter\Boot::runCodeIgniter(Object(CodeIgniter\CodeIgniter))
12 FCPATH\index.php(56): CodeIgniter\Boot::bootWeb(Object(Config\Paths))
13 SYSTEMPATH\rewrite.php(44): require_once('C:\\laragon\\www\\vapesystem\\public\\index.php')
ERROR - 2025-01-30 06:56:00 --> Error connecting to the database: mysqli_sql_exception: Unknown database 'vape_management_system' in C:\laragon\www\vapesystem\system\Database\MySQLi\Connection.php:187
Stack trace:
#0 C:\laragon\www\vapesystem\system\Database\MySQLi\Connection.php(187): mysqli->real_connect('localhost', 'root', '', 'vape_management...', 3306, '', 0)
#1 C:\laragon\www\vapesystem\system\Database\BaseConnection.php(421): CodeIgniter\Database\MySQLi\Connection->connect(false)
#2 C:\laragon\www\vapesystem\system\Database\BaseConnection.php(616): CodeIgniter\Database\BaseConnection->initialize()
#3 C:\laragon\www\vapesystem\system\Database\BaseBuilder.php(1644): CodeIgniter\Database\BaseConnection->query('SELECT *\nFROM `...', Array, false)
#4 C:\laragon\www\vapesystem\system\Model.php(330): CodeIgniter\Database\BaseBuilder->get()
#5 C:\laragon\www\vapesystem\system\BaseModel.php(714): CodeIgniter\Model->doFirst()
#6 C:\laragon\www\vapesystem\app\Models\UserModel.php(30): CodeIgniter\BaseModel->first()
#7 C:\laragon\www\vapesystem\app\Controllers\Auth.php(34): App\Models\UserModel->getUserByUsername('user')
#8 C:\laragon\www\vapesystem\system\CodeIgniter.php(933): App\Controllers\Auth->loginProcess()
#9 C:\laragon\www\vapesystem\system\CodeIgniter.php(509): CodeIgniter\CodeIgniter->runController(Object(App\Controllers\Auth))
#10 C:\laragon\www\vapesystem\system\CodeIgniter.php(355): CodeIgniter\CodeIgniter->handleRequest(NULL, Object(Config\Cache), false)
#11 C:\laragon\www\vapesystem\system\Boot.php(325): CodeIgniter\CodeIgniter->run()
#12 C:\laragon\www\vapesystem\system\Boot.php(67): CodeIgniter\Boot::runCodeIgniter(Object(CodeIgniter\CodeIgniter))
#13 C:\laragon\www\vapesystem\public\index.php(56): CodeIgniter\Boot::bootWeb(Object(Config\Paths))
#14 C:\laragon\www\vapesystem\system\rewrite.php(44): require_once('C:\\laragon\\www\\...')
#15 {main}

Next CodeIgniter\Database\Exceptions\DatabaseException: Unknown database 'vape_management_system' in C:\laragon\www\vapesystem\system\Database\MySQLi\Connection.php:231
Stack trace:
#0 C:\laragon\www\vapesystem\system\Database\BaseConnection.php(421): CodeIgniter\Database\MySQLi\Connection->connect(false)
#1 C:\laragon\www\vapesystem\system\Database\BaseConnection.php(616): CodeIgniter\Database\BaseConnection->initialize()
#2 C:\laragon\www\vapesystem\system\Database\BaseBuilder.php(1644): CodeIgniter\Database\BaseConnection->query('SELECT *\nFROM `...', Array, false)
#3 C:\laragon\www\vapesystem\system\Model.php(330): CodeIgniter\Database\BaseBuilder->get()
#4 C:\laragon\www\vapesystem\system\BaseModel.php(714): CodeIgniter\Model->doFirst()
#5 C:\laragon\www\vapesystem\app\Models\UserModel.php(30): CodeIgniter\BaseModel->first()
#6 C:\laragon\www\vapesystem\app\Controllers\Auth.php(34): App\Models\UserModel->getUserByUsername('user')
#7 C:\laragon\www\vapesystem\system\CodeIgniter.php(933): App\Controllers\Auth->loginProcess()
#8 C:\laragon\www\vapesystem\system\CodeIgniter.php(509): CodeIgniter\CodeIgniter->runController(Object(App\Controllers\Auth))
#9 C:\laragon\www\vapesystem\system\CodeIgniter.php(355): CodeIgniter\CodeIgniter->handleRequest(NULL, Object(Config\Cache), false)
#10 C:\laragon\www\vapesystem\system\Boot.php(325): CodeIgniter\CodeIgniter->run()
#11 C:\laragon\www\vapesystem\system\Boot.php(67): CodeIgniter\Boot::runCodeIgniter(Object(CodeIgniter\CodeIgniter))
#12 C:\laragon\www\vapesystem\public\index.php(56): CodeIgniter\Boot::bootWeb(Object(Config\Paths))
#13 C:\laragon\www\vapesystem\system\rewrite.php(44): require_once('C:\\laragon\\www\\...')
#14 {main}
CRITICAL - 2025-01-30 06:56:00 --> CodeIgniter\Database\Exceptions\DatabaseException: Unable to connect to the database.
Main connection [MySQLi]: Unknown database 'vape_management_system'
[Method: POST, Route: auth/loginProcess]
in SYSTEMPATH\Database\BaseConnection.php on line 467.
 1 SYSTEMPATH\Database\BaseConnection.php(616): CodeIgniter\Database\BaseConnection->initialize()
 2 SYSTEMPATH\Database\BaseBuilder.php(1644): CodeIgniter\Database\BaseConnection->query('SELECT *
FROM `users`
WHERE `username` = :username:
 LIMIT 1', [...], false)
 3 SYSTEMPATH\Model.php(330): CodeIgniter\Database\BaseBuilder->get()
 4 SYSTEMPATH\BaseModel.php(714): CodeIgniter\Model->doFirst()
 5 APPPATH\Models\UserModel.php(30): CodeIgniter\BaseModel->first()
 6 APPPATH\Controllers\Auth.php(34): App\Models\UserModel->getUserByUsername('user')
 7 SYSTEMPATH\CodeIgniter.php(933): App\Controllers\Auth->loginProcess()
 8 SYSTEMPATH\CodeIgniter.php(509): CodeIgniter\CodeIgniter->runController(Object(App\Controllers\Auth))
 9 SYSTEMPATH\CodeIgniter.php(355): CodeIgniter\CodeIgniter->handleRequest(null, Object(Config\Cache), false)
10 SYSTEMPATH\Boot.php(325): CodeIgniter\CodeIgniter->run()
11 SYSTEMPATH\Boot.php(67): CodeIgniter\Boot::runCodeIgniter(Object(CodeIgniter\CodeIgniter))
12 FCPATH\index.php(56): CodeIgniter\Boot::bootWeb(Object(Config\Paths))
13 SYSTEMPATH\rewrite.php(44): require_once('C:\\laragon\\www\\vapesystem\\public\\index.php')
ERROR - 2025-01-30 06:56:24 --> Error connecting to the database: mysqli_sql_exception: Unknown database 'vape_management_system' in C:\laragon\www\vapesystem\system\Database\MySQLi\Connection.php:187
Stack trace:
#0 C:\laragon\www\vapesystem\system\Database\MySQLi\Connection.php(187): mysqli->real_connect('localhost', 'root', '', 'vape_management...', 3306, '', 0)
#1 C:\laragon\www\vapesystem\system\Database\BaseConnection.php(421): CodeIgniter\Database\MySQLi\Connection->connect(false)
#2 C:\laragon\www\vapesystem\system\Database\BaseConnection.php(616): CodeIgniter\Database\BaseConnection->initialize()
#3 C:\laragon\www\vapesystem\system\Database\BaseBuilder.php(1644): CodeIgniter\Database\BaseConnection->query('SELECT *\nFROM `...', Array, false)
#4 C:\laragon\www\vapesystem\system\Model.php(330): CodeIgniter\Database\BaseBuilder->get()
#5 C:\laragon\www\vapesystem\system\BaseModel.php(714): CodeIgniter\Model->doFirst()
#6 C:\laragon\www\vapesystem\app\Models\UserModel.php(30): CodeIgniter\BaseModel->first()
#7 C:\laragon\www\vapesystem\app\Controllers\Auth.php(34): App\Models\UserModel->getUserByUsername('user')
#8 C:\laragon\www\vapesystem\system\CodeIgniter.php(933): App\Controllers\Auth->loginProcess()
#9 C:\laragon\www\vapesystem\system\CodeIgniter.php(509): CodeIgniter\CodeIgniter->runController(Object(App\Controllers\Auth))
#10 C:\laragon\www\vapesystem\system\CodeIgniter.php(355): CodeIgniter\CodeIgniter->handleRequest(NULL, Object(Config\Cache), false)
#11 C:\laragon\www\vapesystem\system\Boot.php(325): CodeIgniter\CodeIgniter->run()
#12 C:\laragon\www\vapesystem\system\Boot.php(67): CodeIgniter\Boot::runCodeIgniter(Object(CodeIgniter\CodeIgniter))
#13 C:\laragon\www\vapesystem\public\index.php(56): CodeIgniter\Boot::bootWeb(Object(Config\Paths))
#14 C:\laragon\www\vapesystem\system\rewrite.php(44): require_once('C:\\laragon\\www\\...')
#15 {main}

Next CodeIgniter\Database\Exceptions\DatabaseException: Unknown database 'vape_management_system' in C:\laragon\www\vapesystem\system\Database\MySQLi\Connection.php:231
Stack trace:
#0 C:\laragon\www\vapesystem\system\Database\BaseConnection.php(421): CodeIgniter\Database\MySQLi\Connection->connect(false)
#1 C:\laragon\www\vapesystem\system\Database\BaseConnection.php(616): CodeIgniter\Database\BaseConnection->initialize()
#2 C:\laragon\www\vapesystem\system\Database\BaseBuilder.php(1644): CodeIgniter\Database\BaseConnection->query('SELECT *\nFROM `...', Array, false)
#3 C:\laragon\www\vapesystem\system\Model.php(330): CodeIgniter\Database\BaseBuilder->get()
#4 C:\laragon\www\vapesystem\system\BaseModel.php(714): CodeIgniter\Model->doFirst()
#5 C:\laragon\www\vapesystem\app\Models\UserModel.php(30): CodeIgniter\BaseModel->first()
#6 C:\laragon\www\vapesystem\app\Controllers\Auth.php(34): App\Models\UserModel->getUserByUsername('user')
#7 C:\laragon\www\vapesystem\system\CodeIgniter.php(933): App\Controllers\Auth->loginProcess()
#8 C:\laragon\www\vapesystem\system\CodeIgniter.php(509): CodeIgniter\CodeIgniter->runController(Object(App\Controllers\Auth))
#9 C:\laragon\www\vapesystem\system\CodeIgniter.php(355): CodeIgniter\CodeIgniter->handleRequest(NULL, Object(Config\Cache), false)
#10 C:\laragon\www\vapesystem\system\Boot.php(325): CodeIgniter\CodeIgniter->run()
#11 C:\laragon\www\vapesystem\system\Boot.php(67): CodeIgniter\Boot::runCodeIgniter(Object(CodeIgniter\CodeIgniter))
#12 C:\laragon\www\vapesystem\public\index.php(56): CodeIgniter\Boot::bootWeb(Object(Config\Paths))
#13 C:\laragon\www\vapesystem\system\rewrite.php(44): require_once('C:\\laragon\\www\\...')
#14 {main}
CRITICAL - 2025-01-30 06:56:24 --> CodeIgniter\Database\Exceptions\DatabaseException: Unable to connect to the database.
Main connection [MySQLi]: Unknown database 'vape_management_system'
[Method: POST, Route: auth/loginProcess]
in SYSTEMPATH\Database\BaseConnection.php on line 467.
 1 SYSTEMPATH\Database\BaseConnection.php(616): CodeIgniter\Database\BaseConnection->initialize()
 2 SYSTEMPATH\Database\BaseBuilder.php(1644): CodeIgniter\Database\BaseConnection->query('SELECT *
FROM `users`
WHERE `username` = :username:
 LIMIT 1', [...], false)
 3 SYSTEMPATH\Model.php(330): CodeIgniter\Database\BaseBuilder->get()
 4 SYSTEMPATH\BaseModel.php(714): CodeIgniter\Model->doFirst()
 5 APPPATH\Models\UserModel.php(30): CodeIgniter\BaseModel->first()
 6 APPPATH\Controllers\Auth.php(34): App\Models\UserModel->getUserByUsername('user')
 7 SYSTEMPATH\CodeIgniter.php(933): App\Controllers\Auth->loginProcess()
 8 SYSTEMPATH\CodeIgniter.php(509): CodeIgniter\CodeIgniter->runController(Object(App\Controllers\Auth))
 9 SYSTEMPATH\CodeIgniter.php(355): CodeIgniter\CodeIgniter->handleRequest(null, Object(Config\Cache), false)
10 SYSTEMPATH\Boot.php(325): CodeIgniter\CodeIgniter->run()
11 SYSTEMPATH\Boot.php(67): CodeIgniter\Boot::runCodeIgniter(Object(CodeIgniter\CodeIgniter))
12 FCPATH\index.php(56): CodeIgniter\Boot::bootWeb(Object(Config\Paths))
13 SYSTEMPATH\rewrite.php(44): require_once('C:\\laragon\\www\\vapesystem\\public\\index.php')
ERROR - 2025-01-30 06:57:21 --> Error connecting to the database: mysqli_sql_exception: Unknown database 'vape_management_system' in C:\laragon\www\vapesystem\system\Database\MySQLi\Connection.php:187
Stack trace:
#0 C:\laragon\www\vapesystem\system\Database\MySQLi\Connection.php(187): mysqli->real_connect('localhost', 'root', '', 'vape_management...', 3306, '', 0)
#1 C:\laragon\www\vapesystem\system\Database\BaseConnection.php(421): CodeIgniter\Database\MySQLi\Connection->connect(false)
#2 C:\laragon\www\vapesystem\system\Database\BaseConnection.php(616): CodeIgniter\Database\BaseConnection->initialize()
#3 C:\laragon\www\vapesystem\system\Database\BaseBuilder.php(1644): CodeIgniter\Database\BaseConnection->query('SELECT *\nFROM `...', Array, false)
#4 C:\laragon\www\vapesystem\system\Model.php(330): CodeIgniter\Database\BaseBuilder->get()
#5 C:\laragon\www\vapesystem\system\BaseModel.php(714): CodeIgniter\Model->doFirst()
#6 C:\laragon\www\vapesystem\app\Models\UserModel.php(30): CodeIgniter\BaseModel->first()
#7 C:\laragon\www\vapesystem\app\Controllers\Auth.php(34): App\Models\UserModel->getUserByUsername('user')
#8 C:\laragon\www\vapesystem\system\CodeIgniter.php(933): App\Controllers\Auth->loginProcess()
#9 C:\laragon\www\vapesystem\system\CodeIgniter.php(509): CodeIgniter\CodeIgniter->runController(Object(App\Controllers\Auth))
#10 C:\laragon\www\vapesystem\system\CodeIgniter.php(355): CodeIgniter\CodeIgniter->handleRequest(NULL, Object(Config\Cache), false)
#11 C:\laragon\www\vapesystem\system\Boot.php(325): CodeIgniter\CodeIgniter->run()
#12 C:\laragon\www\vapesystem\system\Boot.php(67): CodeIgniter\Boot::runCodeIgniter(Object(CodeIgniter\CodeIgniter))
#13 C:\laragon\www\vapesystem\public\index.php(56): CodeIgniter\Boot::bootWeb(Object(Config\Paths))
#14 C:\laragon\www\vapesystem\system\rewrite.php(44): require_once('C:\\laragon\\www\\...')
#15 {main}

Next CodeIgniter\Database\Exceptions\DatabaseException: Unknown database 'vape_management_system' in C:\laragon\www\vapesystem\system\Database\MySQLi\Connection.php:231
Stack trace:
#0 C:\laragon\www\vapesystem\system\Database\BaseConnection.php(421): CodeIgniter\Database\MySQLi\Connection->connect(false)
#1 C:\laragon\www\vapesystem\system\Database\BaseConnection.php(616): CodeIgniter\Database\BaseConnection->initialize()
#2 C:\laragon\www\vapesystem\system\Database\BaseBuilder.php(1644): CodeIgniter\Database\BaseConnection->query('SELECT *\nFROM `...', Array, false)
#3 C:\laragon\www\vapesystem\system\Model.php(330): CodeIgniter\Database\BaseBuilder->get()
#4 C:\laragon\www\vapesystem\system\BaseModel.php(714): CodeIgniter\Model->doFirst()
#5 C:\laragon\www\vapesystem\app\Models\UserModel.php(30): CodeIgniter\BaseModel->first()
#6 C:\laragon\www\vapesystem\app\Controllers\Auth.php(34): App\Models\UserModel->getUserByUsername('user')
#7 C:\laragon\www\vapesystem\system\CodeIgniter.php(933): App\Controllers\Auth->loginProcess()
#8 C:\laragon\www\vapesystem\system\CodeIgniter.php(509): CodeIgniter\CodeIgniter->runController(Object(App\Controllers\Auth))
#9 C:\laragon\www\vapesystem\system\CodeIgniter.php(355): CodeIgniter\CodeIgniter->handleRequest(NULL, Object(Config\Cache), false)
#10 C:\laragon\www\vapesystem\system\Boot.php(325): CodeIgniter\CodeIgniter->run()
#11 C:\laragon\www\vapesystem\system\Boot.php(67): CodeIgniter\Boot::runCodeIgniter(Object(CodeIgniter\CodeIgniter))
#12 C:\laragon\www\vapesystem\public\index.php(56): CodeIgniter\Boot::bootWeb(Object(Config\Paths))
#13 C:\laragon\www\vapesystem\system\rewrite.php(44): require_once('C:\\laragon\\www\\...')
#14 {main}
CRITICAL - 2025-01-30 06:57:21 --> CodeIgniter\Database\Exceptions\DatabaseException: Unable to connect to the database.
Main connection [MySQLi]: Unknown database 'vape_management_system'
[Method: POST, Route: auth/loginProcess]
in SYSTEMPATH\Database\BaseConnection.php on line 467.
 1 SYSTEMPATH\Database\BaseConnection.php(616): CodeIgniter\Database\BaseConnection->initialize()
 2 SYSTEMPATH\Database\BaseBuilder.php(1644): CodeIgniter\Database\BaseConnection->query('SELECT *
FROM `users`
WHERE `username` = :username:
 LIMIT 1', [...], false)
 3 SYSTEMPATH\Model.php(330): CodeIgniter\Database\BaseBuilder->get()
 4 SYSTEMPATH\BaseModel.php(714): CodeIgniter\Model->doFirst()
 5 APPPATH\Models\UserModel.php(30): CodeIgniter\BaseModel->first()
 6 APPPATH\Controllers\Auth.php(34): App\Models\UserModel->getUserByUsername('user')
 7 SYSTEMPATH\CodeIgniter.php(933): App\Controllers\Auth->loginProcess()
 8 SYSTEMPATH\CodeIgniter.php(509): CodeIgniter\CodeIgniter->runController(Object(App\Controllers\Auth))
 9 SYSTEMPATH\CodeIgniter.php(355): CodeIgniter\CodeIgniter->handleRequest(null, Object(Config\Cache), false)
10 SYSTEMPATH\Boot.php(325): CodeIgniter\CodeIgniter->run()
11 SYSTEMPATH\Boot.php(67): CodeIgniter\Boot::runCodeIgniter(Object(CodeIgniter\CodeIgniter))
12 FCPATH\index.php(56): CodeIgniter\Boot::bootWeb(Object(Config\Paths))
13 SYSTEMPATH\rewrite.php(44): require_once('C:\\laragon\\www\\vapesystem\\public\\index.php')
ERROR - 2025-01-30 06:58:59 --> Error connecting to the database: mysqli_sql_exception: Unknown database 'vape_management_system' in C:\laragon\www\vapesystem\system\Database\MySQLi\Connection.php:187
Stack trace:
#0 C:\laragon\www\vapesystem\system\Database\MySQLi\Connection.php(187): mysqli->real_connect('localhost', 'root', '', 'vape_management...', 3306, '', 0)
#1 C:\laragon\www\vapesystem\system\Database\BaseConnection.php(421): CodeIgniter\Database\MySQLi\Connection->connect(false)
#2 C:\laragon\www\vapesystem\system\Database\BaseConnection.php(616): CodeIgniter\Database\BaseConnection->initialize()
#3 C:\laragon\www\vapesystem\system\Database\BaseBuilder.php(1644): CodeIgniter\Database\BaseConnection->query('SELECT *\nFROM `...', Array, false)
#4 C:\laragon\www\vapesystem\system\Model.php(330): CodeIgniter\Database\BaseBuilder->get()
#5 C:\laragon\www\vapesystem\system\BaseModel.php(714): CodeIgniter\Model->doFirst()
#6 C:\laragon\www\vapesystem\app\Models\UserModel.php(30): CodeIgniter\BaseModel->first()
#7 C:\laragon\www\vapesystem\app\Controllers\Auth.php(34): App\Models\UserModel->getUserByUsername('user')
#8 C:\laragon\www\vapesystem\system\CodeIgniter.php(933): App\Controllers\Auth->loginProcess()
#9 C:\laragon\www\vapesystem\system\CodeIgniter.php(509): CodeIgniter\CodeIgniter->runController(Object(App\Controllers\Auth))
#10 C:\laragon\www\vapesystem\system\CodeIgniter.php(355): CodeIgniter\CodeIgniter->handleRequest(NULL, Object(Config\Cache), false)
#11 C:\laragon\www\vapesystem\system\Boot.php(325): CodeIgniter\CodeIgniter->run()
#12 C:\laragon\www\vapesystem\system\Boot.php(67): CodeIgniter\Boot::runCodeIgniter(Object(CodeIgniter\CodeIgniter))
#13 C:\laragon\www\vapesystem\public\index.php(56): CodeIgniter\Boot::bootWeb(Object(Config\Paths))
#14 C:\laragon\www\vapesystem\system\rewrite.php(44): require_once('C:\\laragon\\www\\...')
#15 {main}

Next CodeIgniter\Database\Exceptions\DatabaseException: Unknown database 'vape_management_system' in C:\laragon\www\vapesystem\system\Database\MySQLi\Connection.php:231
Stack trace:
#0 C:\laragon\www\vapesystem\system\Database\BaseConnection.php(421): CodeIgniter\Database\MySQLi\Connection->connect(false)
#1 C:\laragon\www\vapesystem\system\Database\BaseConnection.php(616): CodeIgniter\Database\BaseConnection->initialize()
#2 C:\laragon\www\vapesystem\system\Database\BaseBuilder.php(1644): CodeIgniter\Database\BaseConnection->query('SELECT *\nFROM `...', Array, false)
#3 C:\laragon\www\vapesystem\system\Model.php(330): CodeIgniter\Database\BaseBuilder->get()
#4 C:\laragon\www\vapesystem\system\BaseModel.php(714): CodeIgniter\Model->doFirst()
#5 C:\laragon\www\vapesystem\app\Models\UserModel.php(30): CodeIgniter\BaseModel->first()
#6 C:\laragon\www\vapesystem\app\Controllers\Auth.php(34): App\Models\UserModel->getUserByUsername('user')
#7 C:\laragon\www\vapesystem\system\CodeIgniter.php(933): App\Controllers\Auth->loginProcess()
#8 C:\laragon\www\vapesystem\system\CodeIgniter.php(509): CodeIgniter\CodeIgniter->runController(Object(App\Controllers\Auth))
#9 C:\laragon\www\vapesystem\system\CodeIgniter.php(355): CodeIgniter\CodeIgniter->handleRequest(NULL, Object(Config\Cache), false)
#10 C:\laragon\www\vapesystem\system\Boot.php(325): CodeIgniter\CodeIgniter->run()
#11 C:\laragon\www\vapesystem\system\Boot.php(67): CodeIgniter\Boot::runCodeIgniter(Object(CodeIgniter\CodeIgniter))
#12 C:\laragon\www\vapesystem\public\index.php(56): CodeIgniter\Boot::bootWeb(Object(Config\Paths))
#13 C:\laragon\www\vapesystem\system\rewrite.php(44): require_once('C:\\laragon\\www\\...')
#14 {main}
CRITICAL - 2025-01-30 06:58:59 --> CodeIgniter\Database\Exceptions\DatabaseException: Unable to connect to the database.
Main connection [MySQLi]: Unknown database 'vape_management_system'
[Method: POST, Route: auth/loginProcess]
in SYSTEMPATH\Database\BaseConnection.php on line 467.
 1 SYSTEMPATH\Database\BaseConnection.php(616): CodeIgniter\Database\BaseConnection->initialize()
 2 SYSTEMPATH\Database\BaseBuilder.php(1644): CodeIgniter\Database\BaseConnection->query('SELECT *
FROM `users`
WHERE `username` = :username:
 LIMIT 1', [...], false)
 3 SYSTEMPATH\Model.php(330): CodeIgniter\Database\BaseBuilder->get()
 4 SYSTEMPATH\BaseModel.php(714): CodeIgniter\Model->doFirst()
 5 APPPATH\Models\UserModel.php(30): CodeIgniter\BaseModel->first()
 6 APPPATH\Controllers\Auth.php(34): App\Models\UserModel->getUserByUsername('user')
 7 SYSTEMPATH\CodeIgniter.php(933): App\Controllers\Auth->loginProcess()
 8 SYSTEMPATH\CodeIgniter.php(509): CodeIgniter\CodeIgniter->runController(Object(App\Controllers\Auth))
 9 SYSTEMPATH\CodeIgniter.php(355): CodeIgniter\CodeIgniter->handleRequest(null, Object(Config\Cache), false)
10 SYSTEMPATH\Boot.php(325): CodeIgniter\CodeIgniter->run()
11 SYSTEMPATH\Boot.php(67): CodeIgniter\Boot::runCodeIgniter(Object(CodeIgniter\CodeIgniter))
12 FCPATH\index.php(56): CodeIgniter\Boot::bootWeb(Object(Config\Paths))
13 SYSTEMPATH\rewrite.php(44): require_once('C:\\laragon\\www\\vapesystem\\public\\index.php')
ERROR - 2025-01-30 06:59:07 --> Error connecting to the database: mysqli_sql_exception: Unknown database 'vape_management_system' in C:\laragon\www\vapesystem\system\Database\MySQLi\Connection.php:187
Stack trace:
#0 C:\laragon\www\vapesystem\system\Database\MySQLi\Connection.php(187): mysqli->real_connect('localhost', 'root', '', 'vape_management...', 3306, '', 0)
#1 C:\laragon\www\vapesystem\system\Database\BaseConnection.php(421): CodeIgniter\Database\MySQLi\Connection->connect(false)
#2 C:\laragon\www\vapesystem\system\Database\BaseConnection.php(616): CodeIgniter\Database\BaseConnection->initialize()
#3 C:\laragon\www\vapesystem\system\Database\BaseBuilder.php(1644): CodeIgniter\Database\BaseConnection->query('SELECT *\nFROM `...', Array, false)
#4 C:\laragon\www\vapesystem\system\Model.php(330): CodeIgniter\Database\BaseBuilder->get()
#5 C:\laragon\www\vapesystem\system\BaseModel.php(714): CodeIgniter\Model->doFirst()
#6 C:\laragon\www\vapesystem\app\Models\UserModel.php(30): CodeIgniter\BaseModel->first()
#7 C:\laragon\www\vapesystem\app\Controllers\Auth.php(34): App\Models\UserModel->getUserByUsername('user')
#8 C:\laragon\www\vapesystem\system\CodeIgniter.php(933): App\Controllers\Auth->loginProcess()
#9 C:\laragon\www\vapesystem\system\CodeIgniter.php(509): CodeIgniter\CodeIgniter->runController(Object(App\Controllers\Auth))
#10 C:\laragon\www\vapesystem\system\CodeIgniter.php(355): CodeIgniter\CodeIgniter->handleRequest(NULL, Object(Config\Cache), false)
#11 C:\laragon\www\vapesystem\system\Boot.php(325): CodeIgniter\CodeIgniter->run()
#12 C:\laragon\www\vapesystem\system\Boot.php(67): CodeIgniter\Boot::runCodeIgniter(Object(CodeIgniter\CodeIgniter))
#13 C:\laragon\www\vapesystem\public\index.php(56): CodeIgniter\Boot::bootWeb(Object(Config\Paths))
#14 C:\laragon\www\vapesystem\system\rewrite.php(44): require_once('C:\\laragon\\www\\...')
#15 {main}

Next CodeIgniter\Database\Exceptions\DatabaseException: Unknown database 'vape_management_system' in C:\laragon\www\vapesystem\system\Database\MySQLi\Connection.php:231
Stack trace:
#0 C:\laragon\www\vapesystem\system\Database\BaseConnection.php(421): CodeIgniter\Database\MySQLi\Connection->connect(false)
#1 C:\laragon\www\vapesystem\system\Database\BaseConnection.php(616): CodeIgniter\Database\BaseConnection->initialize()
#2 C:\laragon\www\vapesystem\system\Database\BaseBuilder.php(1644): CodeIgniter\Database\BaseConnection->query('SELECT *\nFROM `...', Array, false)
#3 C:\laragon\www\vapesystem\system\Model.php(330): CodeIgniter\Database\BaseBuilder->get()
#4 C:\laragon\www\vapesystem\system\BaseModel.php(714): CodeIgniter\Model->doFirst()
#5 C:\laragon\www\vapesystem\app\Models\UserModel.php(30): CodeIgniter\BaseModel->first()
#6 C:\laragon\www\vapesystem\app\Controllers\Auth.php(34): App\Models\UserModel->getUserByUsername('user')
#7 C:\laragon\www\vapesystem\system\CodeIgniter.php(933): App\Controllers\Auth->loginProcess()
#8 C:\laragon\www\vapesystem\system\CodeIgniter.php(509): CodeIgniter\CodeIgniter->runController(Object(App\Controllers\Auth))
#9 C:\laragon\www\vapesystem\system\CodeIgniter.php(355): CodeIgniter\CodeIgniter->handleRequest(NULL, Object(Config\Cache), false)
#10 C:\laragon\www\vapesystem\system\Boot.php(325): CodeIgniter\CodeIgniter->run()
#11 C:\laragon\www\vapesystem\system\Boot.php(67): CodeIgniter\Boot::runCodeIgniter(Object(CodeIgniter\CodeIgniter))
#12 C:\laragon\www\vapesystem\public\index.php(56): CodeIgniter\Boot::bootWeb(Object(Config\Paths))
#13 C:\laragon\www\vapesystem\system\rewrite.php(44): require_once('C:\\laragon\\www\\...')
#14 {main}
CRITICAL - 2025-01-30 06:59:07 --> CodeIgniter\Database\Exceptions\DatabaseException: Unable to connect to the database.
Main connection [MySQLi]: Unknown database 'vape_management_system'
[Method: POST, Route: auth/loginProcess]
in SYSTEMPATH\Database\BaseConnection.php on line 467.
 1 SYSTEMPATH\Database\BaseConnection.php(616): CodeIgniter\Database\BaseConnection->initialize()
 2 SYSTEMPATH\Database\BaseBuilder.php(1644): CodeIgniter\Database\BaseConnection->query('SELECT *
FROM `users`
WHERE `username` = :username:
 LIMIT 1', [...], false)
 3 SYSTEMPATH\Model.php(330): CodeIgniter\Database\BaseBuilder->get()
 4 SYSTEMPATH\BaseModel.php(714): CodeIgniter\Model->doFirst()
 5 APPPATH\Models\UserModel.php(30): CodeIgniter\BaseModel->first()
 6 APPPATH\Controllers\Auth.php(34): App\Models\UserModel->getUserByUsername('user')
 7 SYSTEMPATH\CodeIgniter.php(933): App\Controllers\Auth->loginProcess()
 8 SYSTEMPATH\CodeIgniter.php(509): CodeIgniter\CodeIgniter->runController(Object(App\Controllers\Auth))
 9 SYSTEMPATH\CodeIgniter.php(355): CodeIgniter\CodeIgniter->handleRequest(null, Object(Config\Cache), false)
10 SYSTEMPATH\Boot.php(325): CodeIgniter\CodeIgniter->run()
11 SYSTEMPATH\Boot.php(67): CodeIgniter\Boot::runCodeIgniter(Object(CodeIgniter\CodeIgniter))
12 FCPATH\index.php(56): CodeIgniter\Boot::bootWeb(Object(Config\Paths))
13 SYSTEMPATH\rewrite.php(44): require_once('C:\\laragon\\www\\vapesystem\\public\\index.php')
ERROR - 2025-01-30 07:26:06 --> Error connecting to the database: mysqli_sql_exception: Unknown database 'vape_management_system' in C:\laragon\www\vapesystem\system\Database\MySQLi\Connection.php:187
Stack trace:
#0 C:\laragon\www\vapesystem\system\Database\MySQLi\Connection.php(187): mysqli->real_connect('localhost', 'root', '', 'vape_management...', 3306, '', 0)
#1 C:\laragon\www\vapesystem\system\Database\BaseConnection.php(421): CodeIgniter\Database\MySQLi\Connection->connect(false)
#2 C:\laragon\www\vapesystem\system\Database\BaseConnection.php(616): CodeIgniter\Database\BaseConnection->initialize()
#3 C:\laragon\www\vapesystem\system\Database\BaseBuilder.php(1644): CodeIgniter\Database\BaseConnection->query('SELECT *\nFROM `...', Array, false)
#4 C:\laragon\www\vapesystem\system\Model.php(330): CodeIgniter\Database\BaseBuilder->get()
#5 C:\laragon\www\vapesystem\system\BaseModel.php(714): CodeIgniter\Model->doFirst()
#6 C:\laragon\www\vapesystem\app\Models\UserModel.php(30): CodeIgniter\BaseModel->first()
#7 C:\laragon\www\vapesystem\app\Controllers\Auth.php(34): App\Models\UserModel->getUserByUsername('user')
#8 C:\laragon\www\vapesystem\system\CodeIgniter.php(933): App\Controllers\Auth->loginProcess()
#9 C:\laragon\www\vapesystem\system\CodeIgniter.php(509): CodeIgniter\CodeIgniter->runController(Object(App\Controllers\Auth))
#10 C:\laragon\www\vapesystem\system\CodeIgniter.php(355): CodeIgniter\CodeIgniter->handleRequest(NULL, Object(Config\Cache), false)
#11 C:\laragon\www\vapesystem\system\Boot.php(325): CodeIgniter\CodeIgniter->run()
#12 C:\laragon\www\vapesystem\system\Boot.php(67): CodeIgniter\Boot::runCodeIgniter(Object(CodeIgniter\CodeIgniter))
#13 C:\laragon\www\vapesystem\public\index.php(56): CodeIgniter\Boot::bootWeb(Object(Config\Paths))
#14 C:\laragon\www\vapesystem\system\rewrite.php(44): require_once('C:\\laragon\\www\\...')
#15 {main}

Next CodeIgniter\Database\Exceptions\DatabaseException: Unknown database 'vape_management_system' in C:\laragon\www\vapesystem\system\Database\MySQLi\Connection.php:231
Stack trace:
#0 C:\laragon\www\vapesystem\system\Database\BaseConnection.php(421): CodeIgniter\Database\MySQLi\Connection->connect(false)
#1 C:\laragon\www\vapesystem\system\Database\BaseConnection.php(616): CodeIgniter\Database\BaseConnection->initialize()
#2 C:\laragon\www\vapesystem\system\Database\BaseBuilder.php(1644): CodeIgniter\Database\BaseConnection->query('SELECT *\nFROM `...', Array, false)
#3 C:\laragon\www\vapesystem\system\Model.php(330): CodeIgniter\Database\BaseBuilder->get()
#4 C:\laragon\www\vapesystem\system\BaseModel.php(714): CodeIgniter\Model->doFirst()
#5 C:\laragon\www\vapesystem\app\Models\UserModel.php(30): CodeIgniter\BaseModel->first()
#6 C:\laragon\www\vapesystem\app\Controllers\Auth.php(34): App\Models\UserModel->getUserByUsername('user')
#7 C:\laragon\www\vapesystem\system\CodeIgniter.php(933): App\Controllers\Auth->loginProcess()
#8 C:\laragon\www\vapesystem\system\CodeIgniter.php(509): CodeIgniter\CodeIgniter->runController(Object(App\Controllers\Auth))
#9 C:\laragon\www\vapesystem\system\CodeIgniter.php(355): CodeIgniter\CodeIgniter->handleRequest(NULL, Object(Config\Cache), false)
#10 C:\laragon\www\vapesystem\system\Boot.php(325): CodeIgniter\CodeIgniter->run()
#11 C:\laragon\www\vapesystem\system\Boot.php(67): CodeIgniter\Boot::runCodeIgniter(Object(CodeIgniter\CodeIgniter))
#12 C:\laragon\www\vapesystem\public\index.php(56): CodeIgniter\Boot::bootWeb(Object(Config\Paths))
#13 C:\laragon\www\vapesystem\system\rewrite.php(44): require_once('C:\\laragon\\www\\...')
#14 {main}
CRITICAL - 2025-01-30 07:26:06 --> CodeIgniter\Database\Exceptions\DatabaseException: Unable to connect to the database.
Main connection [MySQLi]: Unknown database 'vape_management_system'
[Method: POST, Route: auth/loginProcess]
in SYSTEMPATH\Database\BaseConnection.php on line 467.
 1 SYSTEMPATH\Database\BaseConnection.php(616): CodeIgniter\Database\BaseConnection->initialize()
 2 SYSTEMPATH\Database\BaseBuilder.php(1644): CodeIgniter\Database\BaseConnection->query('SELECT *
FROM `users`
WHERE `username` = :username:
 LIMIT 1', [...], false)
 3 SYSTEMPATH\Model.php(330): CodeIgniter\Database\BaseBuilder->get()
 4 SYSTEMPATH\BaseModel.php(714): CodeIgniter\Model->doFirst()
 5 APPPATH\Models\UserModel.php(30): CodeIgniter\BaseModel->first()
 6 APPPATH\Controllers\Auth.php(34): App\Models\UserModel->getUserByUsername('user')
 7 SYSTEMPATH\CodeIgniter.php(933): App\Controllers\Auth->loginProcess()
 8 SYSTEMPATH\CodeIgniter.php(509): CodeIgniter\CodeIgniter->runController(Object(App\Controllers\Auth))
 9 SYSTEMPATH\CodeIgniter.php(355): CodeIgniter\CodeIgniter->handleRequest(null, Object(Config\Cache), false)
10 SYSTEMPATH\Boot.php(325): CodeIgniter\CodeIgniter->run()
11 SYSTEMPATH\Boot.php(67): CodeIgniter\Boot::runCodeIgniter(Object(CodeIgniter\CodeIgniter))
12 FCPATH\index.php(56): CodeIgniter\Boot::bootWeb(Object(Config\Paths))
13 SYSTEMPATH\rewrite.php(44): require_once('C:\\laragon\\www\\vapesystem\\public\\index.php')
ERROR - 2025-01-30 07:26:20 --> mysqli_sql_exception: No database selected in C:\laragon\www\vapesystem\system\Database\MySQLi\Connection.php:312
Stack trace:
#0 C:\laragon\www\vapesystem\system\Database\MySQLi\Connection.php(312): mysqli->query('SELECT *\nFROM `...', 0)
#1 C:\laragon\www\vapesystem\system\Database\BaseConnection.php(734): CodeIgniter\Database\MySQLi\Connection->execute('SELECT *\nFROM `...')
#2 C:\laragon\www\vapesystem\system\Database\BaseConnection.php(648): CodeIgniter\Database\BaseConnection->simpleQuery('SELECT *\nFROM `...')
#3 C:\laragon\www\vapesystem\system\Database\BaseBuilder.php(1644): CodeIgniter\Database\BaseConnection->query('SELECT *\nFROM `...', Array, false)
#4 C:\laragon\www\vapesystem\system\Model.php(330): CodeIgniter\Database\BaseBuilder->get()
#5 C:\laragon\www\vapesystem\system\BaseModel.php(714): CodeIgniter\Model->doFirst()
#6 C:\laragon\www\vapesystem\app\Models\UserModel.php(30): CodeIgniter\BaseModel->first()
#7 C:\laragon\www\vapesystem\app\Controllers\Auth.php(34): App\Models\UserModel->getUserByUsername('user')
#8 C:\laragon\www\vapesystem\system\CodeIgniter.php(933): App\Controllers\Auth->loginProcess()
#9 C:\laragon\www\vapesystem\system\CodeIgniter.php(509): CodeIgniter\CodeIgniter->runController(Object(App\Controllers\Auth))
#10 C:\laragon\www\vapesystem\system\CodeIgniter.php(355): CodeIgniter\CodeIgniter->handleRequest(NULL, Object(Config\Cache), false)
#11 C:\laragon\www\vapesystem\system\Boot.php(325): CodeIgniter\CodeIgniter->run()
#12 C:\laragon\www\vapesystem\system\Boot.php(67): CodeIgniter\Boot::runCodeIgniter(Object(CodeIgniter\CodeIgniter))
#13 C:\laragon\www\vapesystem\public\index.php(56): CodeIgniter\Boot::bootWeb(Object(Config\Paths))
#14 C:\laragon\www\vapesystem\system\rewrite.php(44): require_once('C:\\laragon\\www\\...')
#15 {main}
CRITICAL - 2025-01-30 07:26:20 --> CodeIgniter\Database\Exceptions\DatabaseException: No database selected
[Method: POST, Route: auth/loginProcess]
in SYSTEMPATH\Database\BaseConnection.php on line 688.
 1 SYSTEMPATH\Database\BaseBuilder.php(1644): CodeIgniter\Database\BaseConnection->query('SELECT *
FROM `users`
WHERE `username` = :username:
 LIMIT 1', [...], false)
 2 SYSTEMPATH\Model.php(330): CodeIgniter\Database\BaseBuilder->get()
 3 SYSTEMPATH\BaseModel.php(714): CodeIgniter\Model->doFirst()
 4 APPPATH\Models\UserModel.php(30): CodeIgniter\BaseModel->first()
 5 APPPATH\Controllers\Auth.php(34): App\Models\UserModel->getUserByUsername('user')
 6 SYSTEMPATH\CodeIgniter.php(933): App\Controllers\Auth->loginProcess()
 7 SYSTEMPATH\CodeIgniter.php(509): CodeIgniter\CodeIgniter->runController(Object(App\Controllers\Auth))
 8 SYSTEMPATH\CodeIgniter.php(355): CodeIgniter\CodeIgniter->handleRequest(null, Object(Config\Cache), false)
 9 SYSTEMPATH\Boot.php(325): CodeIgniter\CodeIgniter->run()
10 SYSTEMPATH\Boot.php(67): CodeIgniter\Boot::runCodeIgniter(Object(CodeIgniter\CodeIgniter))
11 FCPATH\index.php(56): CodeIgniter\Boot::bootWeb(Object(Config\Paths))
12 SYSTEMPATH\rewrite.php(44): require_once('C:\\laragon\\www\\vapesystem\\public\\index.php')
CRITICAL - 2025-01-30 07:26:20 --> [Caused by] CodeIgniter\Database\Exceptions\DatabaseException: No database selected
in SYSTEMPATH\Database\MySQLi\Connection.php on line 317.
 1 SYSTEMPATH\Database\BaseConnection.php(734): CodeIgniter\Database\MySQLi\Connection->execute('SELECT *
FROM `users`
WHERE `username` = \'user\'
 LIMIT 1')
 2 SYSTEMPATH\Database\BaseConnection.php(648): CodeIgniter\Database\BaseConnection->simpleQuery('SELECT *
FROM `users`
WHERE `username` = \'user\'
 LIMIT 1')
 3 SYSTEMPATH\Database\BaseBuilder.php(1644): CodeIgniter\Database\BaseConnection->query('SELECT *
FROM `users`
WHERE `username` = :username:
 LIMIT 1', [...], false)
 4 SYSTEMPATH\Model.php(330): CodeIgniter\Database\BaseBuilder->get()
 5 SYSTEMPATH\BaseModel.php(714): CodeIgniter\Model->doFirst()
 6 APPPATH\Models\UserModel.php(30): CodeIgniter\BaseModel->first()
 7 APPPATH\Controllers\Auth.php(34): App\Models\UserModel->getUserByUsername('user')
 8 SYSTEMPATH\CodeIgniter.php(933): App\Controllers\Auth->loginProcess()
 9 SYSTEMPATH\CodeIgniter.php(509): CodeIgniter\CodeIgniter->runController(Object(App\Controllers\Auth))
10 SYSTEMPATH\CodeIgniter.php(355): CodeIgniter\CodeIgniter->handleRequest(null, Object(Config\Cache), false)
11 SYSTEMPATH\Boot.php(325): CodeIgniter\CodeIgniter->run()
12 SYSTEMPATH\Boot.php(67): CodeIgniter\Boot::runCodeIgniter(Object(CodeIgniter\CodeIgniter))
13 FCPATH\index.php(56): CodeIgniter\Boot::bootWeb(Object(Config\Paths))
14 SYSTEMPATH\rewrite.php(44): require_once('C:\\laragon\\www\\vapesystem\\public\\index.php')
CRITICAL - 2025-01-30 07:26:20 --> [Caused by] mysqli_sql_exception: No database selected
in SYSTEMPATH\Database\MySQLi\Connection.php on line 312.
 1 SYSTEMPATH\Database\MySQLi\Connection.php(312): mysqli->query('SELECT *
FROM `users`
WHERE `username` = \'user\'
 LIMIT 1', 0)
 2 SYSTEMPATH\Database\BaseConnection.php(734): CodeIgniter\Database\MySQLi\Connection->execute('SELECT *
FROM `users`
WHERE `username` = \'user\'
 LIMIT 1')
 3 SYSTEMPATH\Database\BaseConnection.php(648): CodeIgniter\Database\BaseConnection->simpleQuery('SELECT *
FROM `users`
WHERE `username` = \'user\'
 LIMIT 1')
 4 SYSTEMPATH\Database\BaseBuilder.php(1644): CodeIgniter\Database\BaseConnection->query('SELECT *
FROM `users`
WHERE `username` = :username:
 LIMIT 1', [...], false)
 5 SYSTEMPATH\Model.php(330): CodeIgniter\Database\BaseBuilder->get()
 6 SYSTEMPATH\BaseModel.php(714): CodeIgniter\Model->doFirst()
 7 APPPATH\Models\UserModel.php(30): CodeIgniter\BaseModel->first()
 8 APPPATH\Controllers\Auth.php(34): App\Models\UserModel->getUserByUsername('user')
 9 SYSTEMPATH\CodeIgniter.php(933): App\Controllers\Auth->loginProcess()
10 SYSTEMPATH\CodeIgniter.php(509): CodeIgniter\CodeIgniter->runController(Object(App\Controllers\Auth))
11 SYSTEMPATH\CodeIgniter.php(355): CodeIgniter\CodeIgniter->handleRequest(null, Object(Config\Cache), false)
12 SYSTEMPATH\Boot.php(325): CodeIgniter\CodeIgniter->run()
13 SYSTEMPATH\Boot.php(67): CodeIgniter\Boot::runCodeIgniter(Object(CodeIgniter\CodeIgniter))
14 FCPATH\index.php(56): CodeIgniter\Boot::bootWeb(Object(Config\Paths))
15 SYSTEMPATH\rewrite.php(44): require_once('C:\\laragon\\www\\vapesystem\\public\\index.php')
ERROR - 2025-01-30 07:27:10 --> Error connecting to the database: mysqli_sql_exception: Unknown database 'vape_management_system' in C:\laragon\www\vapesystem\system\Database\MySQLi\Connection.php:187
Stack trace:
#0 C:\laragon\www\vapesystem\system\Database\MySQLi\Connection.php(187): mysqli->real_connect('localhost', 'root', '', 'vape_management...', 3306, '', 0)
#1 C:\laragon\www\vapesystem\system\Database\BaseConnection.php(421): CodeIgniter\Database\MySQLi\Connection->connect(false)
#2 C:\laragon\www\vapesystem\system\Database\BaseConnection.php(616): CodeIgniter\Database\BaseConnection->initialize()
#3 C:\laragon\www\vapesystem\system\Database\BaseBuilder.php(1644): CodeIgniter\Database\BaseConnection->query('SELECT *\nFROM `...', Array, false)
#4 C:\laragon\www\vapesystem\system\Model.php(330): CodeIgniter\Database\BaseBuilder->get()
#5 C:\laragon\www\vapesystem\system\BaseModel.php(714): CodeIgniter\Model->doFirst()
#6 C:\laragon\www\vapesystem\app\Models\UserModel.php(30): CodeIgniter\BaseModel->first()
#7 C:\laragon\www\vapesystem\app\Controllers\Auth.php(34): App\Models\UserModel->getUserByUsername('user')
#8 C:\laragon\www\vapesystem\system\CodeIgniter.php(933): App\Controllers\Auth->loginProcess()
#9 C:\laragon\www\vapesystem\system\CodeIgniter.php(509): CodeIgniter\CodeIgniter->runController(Object(App\Controllers\Auth))
#10 C:\laragon\www\vapesystem\system\CodeIgniter.php(355): CodeIgniter\CodeIgniter->handleRequest(NULL, Object(Config\Cache), false)
#11 C:\laragon\www\vapesystem\system\Boot.php(325): CodeIgniter\CodeIgniter->run()
#12 C:\laragon\www\vapesystem\system\Boot.php(67): CodeIgniter\Boot::runCodeIgniter(Object(CodeIgniter\CodeIgniter))
#13 C:\laragon\www\vapesystem\public\index.php(56): CodeIgniter\Boot::bootWeb(Object(Config\Paths))
#14 C:\laragon\www\vapesystem\system\rewrite.php(44): require_once('C:\\laragon\\www\\...')
#15 {main}

Next CodeIgniter\Database\Exceptions\DatabaseException: Unknown database 'vape_management_system' in C:\laragon\www\vapesystem\system\Database\MySQLi\Connection.php:231
Stack trace:
#0 C:\laragon\www\vapesystem\system\Database\BaseConnection.php(421): CodeIgniter\Database\MySQLi\Connection->connect(false)
#1 C:\laragon\www\vapesystem\system\Database\BaseConnection.php(616): CodeIgniter\Database\BaseConnection->initialize()
#2 C:\laragon\www\vapesystem\system\Database\BaseBuilder.php(1644): CodeIgniter\Database\BaseConnection->query('SELECT *\nFROM `...', Array, false)
#3 C:\laragon\www\vapesystem\system\Model.php(330): CodeIgniter\Database\BaseBuilder->get()
#4 C:\laragon\www\vapesystem\system\BaseModel.php(714): CodeIgniter\Model->doFirst()
#5 C:\laragon\www\vapesystem\app\Models\UserModel.php(30): CodeIgniter\BaseModel->first()
#6 C:\laragon\www\vapesystem\app\Controllers\Auth.php(34): App\Models\UserModel->getUserByUsername('user')
#7 C:\laragon\www\vapesystem\system\CodeIgniter.php(933): App\Controllers\Auth->loginProcess()
#8 C:\laragon\www\vapesystem\system\CodeIgniter.php(509): CodeIgniter\CodeIgniter->runController(Object(App\Controllers\Auth))
#9 C:\laragon\www\vapesystem\system\CodeIgniter.php(355): CodeIgniter\CodeIgniter->handleRequest(NULL, Object(Config\Cache), false)
#10 C:\laragon\www\vapesystem\system\Boot.php(325): CodeIgniter\CodeIgniter->run()
#11 C:\laragon\www\vapesystem\system\Boot.php(67): CodeIgniter\Boot::runCodeIgniter(Object(CodeIgniter\CodeIgniter))
#12 C:\laragon\www\vapesystem\public\index.php(56): CodeIgniter\Boot::bootWeb(Object(Config\Paths))
#13 C:\laragon\www\vapesystem\system\rewrite.php(44): require_once('C:\\laragon\\www\\...')
#14 {main}
CRITICAL - 2025-01-30 07:27:10 --> CodeIgniter\Database\Exceptions\DatabaseException: Unable to connect to the database.
Main connection [MySQLi]: Unknown database 'vape_management_system'
[Method: POST, Route: auth/loginProcess]
in SYSTEMPATH\Database\BaseConnection.php on line 467.
 1 SYSTEMPATH\Database\BaseConnection.php(616): CodeIgniter\Database\BaseConnection->initialize()
 2 SYSTEMPATH\Database\BaseBuilder.php(1644): CodeIgniter\Database\BaseConnection->query('SELECT *
FROM `users`
WHERE `username` = :username:
 LIMIT 1', [...], false)
 3 SYSTEMPATH\Model.php(330): CodeIgniter\Database\BaseBuilder->get()
 4 SYSTEMPATH\BaseModel.php(714): CodeIgniter\Model->doFirst()
 5 APPPATH\Models\UserModel.php(30): CodeIgniter\BaseModel->first()
 6 APPPATH\Controllers\Auth.php(34): App\Models\UserModel->getUserByUsername('user')
 7 SYSTEMPATH\CodeIgniter.php(933): App\Controllers\Auth->loginProcess()
 8 SYSTEMPATH\CodeIgniter.php(509): CodeIgniter\CodeIgniter->runController(Object(App\Controllers\Auth))
 9 SYSTEMPATH\CodeIgniter.php(355): CodeIgniter\CodeIgniter->handleRequest(null, Object(Config\Cache), false)
10 SYSTEMPATH\Boot.php(325): CodeIgniter\CodeIgniter->run()
11 SYSTEMPATH\Boot.php(67): CodeIgniter\Boot::runCodeIgniter(Object(CodeIgniter\CodeIgniter))
12 FCPATH\index.php(56): CodeIgniter\Boot::bootWeb(Object(Config\Paths))
13 SYSTEMPATH\rewrite.php(44): require_once('C:\\laragon\\www\\vapesystem\\public\\index.php')
ERROR - 2025-01-30 07:28:21 --> Error connecting to the database: mysqli_sql_exception: Unknown database 'vape_management_system' in C:\laragon\www\vapesystem\system\Database\MySQLi\Connection.php:187
Stack trace:
#0 C:\laragon\www\vapesystem\system\Database\MySQLi\Connection.php(187): mysqli->real_connect('localhost', 'root', '', 'vape_management...', 3306, '', 0)
#1 C:\laragon\www\vapesystem\system\Database\BaseConnection.php(421): CodeIgniter\Database\MySQLi\Connection->connect(false)
#2 C:\laragon\www\vapesystem\system\Database\BaseConnection.php(616): CodeIgniter\Database\BaseConnection->initialize()
#3 C:\laragon\www\vapesystem\system\Database\BaseBuilder.php(1644): CodeIgniter\Database\BaseConnection->query('SELECT *\nFROM `...', Array, false)
#4 C:\laragon\www\vapesystem\system\Model.php(330): CodeIgniter\Database\BaseBuilder->get()
#5 C:\laragon\www\vapesystem\system\BaseModel.php(714): CodeIgniter\Model->doFirst()
#6 C:\laragon\www\vapesystem\app\Models\UserModel.php(30): CodeIgniter\BaseModel->first()
#7 C:\laragon\www\vapesystem\app\Controllers\Auth.php(34): App\Models\UserModel->getUserByUsername('user')
#8 C:\laragon\www\vapesystem\system\CodeIgniter.php(933): App\Controllers\Auth->loginProcess()
#9 C:\laragon\www\vapesystem\system\CodeIgniter.php(509): CodeIgniter\CodeIgniter->runController(Object(App\Controllers\Auth))
#10 C:\laragon\www\vapesystem\system\CodeIgniter.php(355): CodeIgniter\CodeIgniter->handleRequest(NULL, Object(Config\Cache), false)
#11 C:\laragon\www\vapesystem\system\Boot.php(325): CodeIgniter\CodeIgniter->run()
#12 C:\laragon\www\vapesystem\system\Boot.php(67): CodeIgniter\Boot::runCodeIgniter(Object(CodeIgniter\CodeIgniter))
#13 C:\laragon\www\vapesystem\public\index.php(56): CodeIgniter\Boot::bootWeb(Object(Config\Paths))
#14 C:\laragon\www\vapesystem\system\rewrite.php(44): require_once('C:\\laragon\\www\\...')
#15 {main}

Next CodeIgniter\Database\Exceptions\DatabaseException: Unknown database 'vape_management_system' in C:\laragon\www\vapesystem\system\Database\MySQLi\Connection.php:231
Stack trace:
#0 C:\laragon\www\vapesystem\system\Database\BaseConnection.php(421): CodeIgniter\Database\MySQLi\Connection->connect(false)
#1 C:\laragon\www\vapesystem\system\Database\BaseConnection.php(616): CodeIgniter\Database\BaseConnection->initialize()
#2 C:\laragon\www\vapesystem\system\Database\BaseBuilder.php(1644): CodeIgniter\Database\BaseConnection->query('SELECT *\nFROM `...', Array, false)
#3 C:\laragon\www\vapesystem\system\Model.php(330): CodeIgniter\Database\BaseBuilder->get()
#4 C:\laragon\www\vapesystem\system\BaseModel.php(714): CodeIgniter\Model->doFirst()
#5 C:\laragon\www\vapesystem\app\Models\UserModel.php(30): CodeIgniter\BaseModel->first()
#6 C:\laragon\www\vapesystem\app\Controllers\Auth.php(34): App\Models\UserModel->getUserByUsername('user')
#7 C:\laragon\www\vapesystem\system\CodeIgniter.php(933): App\Controllers\Auth->loginProcess()
#8 C:\laragon\www\vapesystem\system\CodeIgniter.php(509): CodeIgniter\CodeIgniter->runController(Object(App\Controllers\Auth))
#9 C:\laragon\www\vapesystem\system\CodeIgniter.php(355): CodeIgniter\CodeIgniter->handleRequest(NULL, Object(Config\Cache), false)
#10 C:\laragon\www\vapesystem\system\Boot.php(325): CodeIgniter\CodeIgniter->run()
#11 C:\laragon\www\vapesystem\system\Boot.php(67): CodeIgniter\Boot::runCodeIgniter(Object(CodeIgniter\CodeIgniter))
#12 C:\laragon\www\vapesystem\public\index.php(56): CodeIgniter\Boot::bootWeb(Object(Config\Paths))
#13 C:\laragon\www\vapesystem\system\rewrite.php(44): require_once('C:\\laragon\\www\\...')
#14 {main}
CRITICAL - 2025-01-30 07:28:21 --> CodeIgniter\Database\Exceptions\DatabaseException: Unable to connect to the database.
Main connection [MySQLi]: Unknown database 'vape_management_system'
[Method: POST, Route: auth/loginProcess]
in SYSTEMPATH\Database\BaseConnection.php on line 467.
 1 SYSTEMPATH\Database\BaseConnection.php(616): CodeIgniter\Database\BaseConnection->initialize()
 2 SYSTEMPATH\Database\BaseBuilder.php(1644): CodeIgniter\Database\BaseConnection->query('SELECT *
FROM `users`
WHERE `username` = :username:
 LIMIT 1', [...], false)
 3 SYSTEMPATH\Model.php(330): CodeIgniter\Database\BaseBuilder->get()
 4 SYSTEMPATH\BaseModel.php(714): CodeIgniter\Model->doFirst()
 5 APPPATH\Models\UserModel.php(30): CodeIgniter\BaseModel->first()
 6 APPPATH\Controllers\Auth.php(34): App\Models\UserModel->getUserByUsername('user')
 7 SYSTEMPATH\CodeIgniter.php(933): App\Controllers\Auth->loginProcess()
 8 SYSTEMPATH\CodeIgniter.php(509): CodeIgniter\CodeIgniter->runController(Object(App\Controllers\Auth))
 9 SYSTEMPATH\CodeIgniter.php(355): CodeIgniter\CodeIgniter->handleRequest(null, Object(Config\Cache), false)
10 SYSTEMPATH\Boot.php(325): CodeIgniter\CodeIgniter->run()
11 SYSTEMPATH\Boot.php(67): CodeIgniter\Boot::runCodeIgniter(Object(CodeIgniter\CodeIgniter))
12 FCPATH\index.php(56): CodeIgniter\Boot::bootWeb(Object(Config\Paths))
13 SYSTEMPATH\rewrite.php(44): require_once('C:\\laragon\\www\\vapesystem\\public\\index.php')
ERROR - 2025-01-30 07:28:43 --> Error connecting to the database: mysqli_sql_exception: Unknown database 'vape_management_system' in C:\laragon\www\vapesystem\system\Database\MySQLi\Connection.php:187
Stack trace:
#0 C:\laragon\www\vapesystem\system\Database\MySQLi\Connection.php(187): mysqli->real_connect('localhost', 'root', '', 'vape_management...', 3306, '', 0)
#1 C:\laragon\www\vapesystem\system\Database\BaseConnection.php(421): CodeIgniter\Database\MySQLi\Connection->connect(false)
#2 C:\laragon\www\vapesystem\system\Database\BaseConnection.php(616): CodeIgniter\Database\BaseConnection->initialize()
#3 C:\laragon\www\vapesystem\system\Database\BaseBuilder.php(1644): CodeIgniter\Database\BaseConnection->query('SELECT *\nFROM `...', Array, false)
#4 C:\laragon\www\vapesystem\system\Model.php(330): CodeIgniter\Database\BaseBuilder->get()
#5 C:\laragon\www\vapesystem\system\BaseModel.php(714): CodeIgniter\Model->doFirst()
#6 C:\laragon\www\vapesystem\app\Models\UserModel.php(24): CodeIgniter\BaseModel->first()
#7 C:\laragon\www\vapesystem\app\Controllers\Auth.php(76): App\Models\UserModel->check_user_exists('john')
#8 C:\laragon\www\vapesystem\system\CodeIgniter.php(933): App\Controllers\Auth->registerProcess()
#9 C:\laragon\www\vapesystem\system\CodeIgniter.php(509): CodeIgniter\CodeIgniter->runController(Object(App\Controllers\Auth))
#10 C:\laragon\www\vapesystem\system\CodeIgniter.php(355): CodeIgniter\CodeIgniter->handleRequest(NULL, Object(Config\Cache), false)
#11 C:\laragon\www\vapesystem\system\Boot.php(325): CodeIgniter\CodeIgniter->run()
#12 C:\laragon\www\vapesystem\system\Boot.php(67): CodeIgniter\Boot::runCodeIgniter(Object(CodeIgniter\CodeIgniter))
#13 C:\laragon\www\vapesystem\public\index.php(56): CodeIgniter\Boot::bootWeb(Object(Config\Paths))
#14 C:\laragon\www\vapesystem\system\rewrite.php(44): require_once('C:\\laragon\\www\\...')
#15 {main}

Next CodeIgniter\Database\Exceptions\DatabaseException: Unknown database 'vape_management_system' in C:\laragon\www\vapesystem\system\Database\MySQLi\Connection.php:231
Stack trace:
#0 C:\laragon\www\vapesystem\system\Database\BaseConnection.php(421): CodeIgniter\Database\MySQLi\Connection->connect(false)
#1 C:\laragon\www\vapesystem\system\Database\BaseConnection.php(616): CodeIgniter\Database\BaseConnection->initialize()
#2 C:\laragon\www\vapesystem\system\Database\BaseBuilder.php(1644): CodeIgniter\Database\BaseConnection->query('SELECT *\nFROM `...', Array, false)
#3 C:\laragon\www\vapesystem\system\Model.php(330): CodeIgniter\Database\BaseBuilder->get()
#4 C:\laragon\www\vapesystem\system\BaseModel.php(714): CodeIgniter\Model->doFirst()
#5 C:\laragon\www\vapesystem\app\Models\UserModel.php(24): CodeIgniter\BaseModel->first()
#6 C:\laragon\www\vapesystem\app\Controllers\Auth.php(76): App\Models\UserModel->check_user_exists('john')
#7 C:\laragon\www\vapesystem\system\CodeIgniter.php(933): App\Controllers\Auth->registerProcess()
#8 C:\laragon\www\vapesystem\system\CodeIgniter.php(509): CodeIgniter\CodeIgniter->runController(Object(App\Controllers\Auth))
#9 C:\laragon\www\vapesystem\system\CodeIgniter.php(355): CodeIgniter\CodeIgniter->handleRequest(NULL, Object(Config\Cache), false)
#10 C:\laragon\www\vapesystem\system\Boot.php(325): CodeIgniter\CodeIgniter->run()
#11 C:\laragon\www\vapesystem\system\Boot.php(67): CodeIgniter\Boot::runCodeIgniter(Object(CodeIgniter\CodeIgniter))
#12 C:\laragon\www\vapesystem\public\index.php(56): CodeIgniter\Boot::bootWeb(Object(Config\Paths))
#13 C:\laragon\www\vapesystem\system\rewrite.php(44): require_once('C:\\laragon\\www\\...')
#14 {main}
CRITICAL - 2025-01-30 07:28:43 --> CodeIgniter\Database\Exceptions\DatabaseException: Unable to connect to the database.
Main connection [MySQLi]: Unknown database 'vape_management_system'
[Method: POST, Route: auth/registerProcess]
in SYSTEMPATH\Database\BaseConnection.php on line 467.
 1 SYSTEMPATH\Database\BaseConnection.php(616): CodeIgniter\Database\BaseConnection->initialize()
 2 SYSTEMPATH\Database\BaseBuilder.php(1644): CodeIgniter\Database\BaseConnection->query('SELECT *
FROM `users`
WHERE `username` = :username:
 LIMIT 1', [...], false)
 3 SYSTEMPATH\Model.php(330): CodeIgniter\Database\BaseBuilder->get()
 4 SYSTEMPATH\BaseModel.php(714): CodeIgniter\Model->doFirst()
 5 APPPATH\Models\UserModel.php(24): CodeIgniter\BaseModel->first()
 6 APPPATH\Controllers\Auth.php(76): App\Models\UserModel->check_user_exists('john')
 7 SYSTEMPATH\CodeIgniter.php(933): App\Controllers\Auth->registerProcess()
 8 SYSTEMPATH\CodeIgniter.php(509): CodeIgniter\CodeIgniter->runController(Object(App\Controllers\Auth))
 9 SYSTEMPATH\CodeIgniter.php(355): CodeIgniter\CodeIgniter->handleRequest(null, Object(Config\Cache), false)
10 SYSTEMPATH\Boot.php(325): CodeIgniter\CodeIgniter->run()
11 SYSTEMPATH\Boot.php(67): CodeIgniter\Boot::runCodeIgniter(Object(CodeIgniter\CodeIgniter))
12 FCPATH\index.php(56): CodeIgniter\Boot::bootWeb(Object(Config\Paths))
13 SYSTEMPATH\rewrite.php(44): require_once('C:\\laragon\\www\\vapesystem\\public\\index.php')
ERROR - 2025-01-30 07:29:07 --> Error connecting to the database: mysqli_sql_exception: Unknown database 'vape_management_system' in C:\laragon\www\vapesystem\system\Database\MySQLi\Connection.php:187
Stack trace:
#0 C:\laragon\www\vapesystem\system\Database\MySQLi\Connection.php(187): mysqli->real_connect('localhost', 'root', '', 'vape_management...', 3306, '', 0)
#1 C:\laragon\www\vapesystem\system\Database\BaseConnection.php(421): CodeIgniter\Database\MySQLi\Connection->connect(false)
#2 C:\laragon\www\vapesystem\system\Database\BaseConnection.php(616): CodeIgniter\Database\BaseConnection->initialize()
#3 C:\laragon\www\vapesystem\system\Database\BaseBuilder.php(1644): CodeIgniter\Database\BaseConnection->query('SELECT *\nFROM `...', Array, false)
#4 C:\laragon\www\vapesystem\system\Model.php(330): CodeIgniter\Database\BaseBuilder->get()
#5 C:\laragon\www\vapesystem\system\BaseModel.php(714): CodeIgniter\Model->doFirst()
#6 C:\laragon\www\vapesystem\app\Models\UserModel.php(30): CodeIgniter\BaseModel->first()
#7 C:\laragon\www\vapesystem\app\Controllers\Auth.php(34): App\Models\UserModel->getUserByUsername('user@gmail.com')
#8 C:\laragon\www\vapesystem\system\CodeIgniter.php(933): App\Controllers\Auth->loginProcess()
#9 C:\laragon\www\vapesystem\system\CodeIgniter.php(509): CodeIgniter\CodeIgniter->runController(Object(App\Controllers\Auth))
#10 C:\laragon\www\vapesystem\system\CodeIgniter.php(355): CodeIgniter\CodeIgniter->handleRequest(NULL, Object(Config\Cache), false)
#11 C:\laragon\www\vapesystem\system\Boot.php(325): CodeIgniter\CodeIgniter->run()
#12 C:\laragon\www\vapesystem\system\Boot.php(67): CodeIgniter\Boot::runCodeIgniter(Object(CodeIgniter\CodeIgniter))
#13 C:\laragon\www\vapesystem\public\index.php(56): CodeIgniter\Boot::bootWeb(Object(Config\Paths))
#14 C:\laragon\www\vapesystem\system\rewrite.php(44): require_once('C:\\laragon\\www\\...')
#15 {main}

Next CodeIgniter\Database\Exceptions\DatabaseException: Unknown database 'vape_management_system' in C:\laragon\www\vapesystem\system\Database\MySQLi\Connection.php:231
Stack trace:
#0 C:\laragon\www\vapesystem\system\Database\BaseConnection.php(421): CodeIgniter\Database\MySQLi\Connection->connect(false)
#1 C:\laragon\www\vapesystem\system\Database\BaseConnection.php(616): CodeIgniter\Database\BaseConnection->initialize()
#2 C:\laragon\www\vapesystem\system\Database\BaseBuilder.php(1644): CodeIgniter\Database\BaseConnection->query('SELECT *\nFROM `...', Array, false)
#3 C:\laragon\www\vapesystem\system\Model.php(330): CodeIgniter\Database\BaseBuilder->get()
#4 C:\laragon\www\vapesystem\system\BaseModel.php(714): CodeIgniter\Model->doFirst()
#5 C:\laragon\www\vapesystem\app\Models\UserModel.php(30): CodeIgniter\BaseModel->first()
#6 C:\laragon\www\vapesystem\app\Controllers\Auth.php(34): App\Models\UserModel->getUserByUsername('user@gmail.com')
#7 C:\laragon\www\vapesystem\system\CodeIgniter.php(933): App\Controllers\Auth->loginProcess()
#8 C:\laragon\www\vapesystem\system\CodeIgniter.php(509): CodeIgniter\CodeIgniter->runController(Object(App\Controllers\Auth))
#9 C:\laragon\www\vapesystem\system\CodeIgniter.php(355): CodeIgniter\CodeIgniter->handleRequest(NULL, Object(Config\Cache), false)
#10 C:\laragon\www\vapesystem\system\Boot.php(325): CodeIgniter\CodeIgniter->run()
#11 C:\laragon\www\vapesystem\system\Boot.php(67): CodeIgniter\Boot::runCodeIgniter(Object(CodeIgniter\CodeIgniter))
#12 C:\laragon\www\vapesystem\public\index.php(56): CodeIgniter\Boot::bootWeb(Object(Config\Paths))
#13 C:\laragon\www\vapesystem\system\rewrite.php(44): require_once('C:\\laragon\\www\\...')
#14 {main}
CRITICAL - 2025-01-30 07:29:07 --> CodeIgniter\Database\Exceptions\DatabaseException: Unable to connect to the database.
Main connection [MySQLi]: Unknown database 'vape_management_system'
[Method: POST, Route: auth/loginProcess]
in SYSTEMPATH\Database\BaseConnection.php on line 467.
 1 SYSTEMPATH\Database\BaseConnection.php(616): CodeIgniter\Database\BaseConnection->initialize()
 2 SYSTEMPATH\Database\BaseBuilder.php(1644): CodeIgniter\Database\BaseConnection->query('SELECT *
FROM `users`
WHERE `username` = :username:
 LIMIT 1', [...], false)
 3 SYSTEMPATH\Model.php(330): CodeIgniter\Database\BaseBuilder->get()
 4 SYSTEMPATH\BaseModel.php(714): CodeIgniter\Model->doFirst()
 5 APPPATH\Models\UserModel.php(30): CodeIgniter\BaseModel->first()
 6 APPPATH\Controllers\Auth.php(34): App\Models\UserModel->getUserByUsername('user@gmail.com')
 7 SYSTEMPATH\CodeIgniter.php(933): App\Controllers\Auth->loginProcess()
 8 SYSTEMPATH\CodeIgniter.php(509): CodeIgniter\CodeIgniter->runController(Object(App\Controllers\Auth))
 9 SYSTEMPATH\CodeIgniter.php(355): CodeIgniter\CodeIgniter->handleRequest(null, Object(Config\Cache), false)
10 SYSTEMPATH\Boot.php(325): CodeIgniter\CodeIgniter->run()
11 SYSTEMPATH\Boot.php(67): CodeIgniter\Boot::runCodeIgniter(Object(CodeIgniter\CodeIgniter))
12 FCPATH\index.php(56): CodeIgniter\Boot::bootWeb(Object(Config\Paths))
13 SYSTEMPATH\rewrite.php(44): require_once('C:\\laragon\\www\\vapesystem\\public\\index.php')
